<?xml version="1.0" encoding="UTF-8" ?>
<testsuite tests="1" failures="0" name="CategoriaAPI_Test" time="4.482" errors="1" skipped="0">
  <properties>
    <property name="java.runtime.name" value="Java(TM) SE Runtime Environment"/>
    <property name="sun.boot.library.path" value="C:\Program Files\Java\jdk1.8.0_261\jre\bin"/>
    <property name="java.vm.version" value="25.261-b12"/>
    <property name="java.vm.vendor" value="Oracle Corporation"/>
    <property name="maven.multiModuleProjectDirectory" value="C:\Users\Emanuel\Documents\NetBeansProjects\DS-MercadeoUCAB-Version v1 (Emanuel)\mercadeoUcab-master"/>
    <property name="java.vendor.url" value="http://java.oracle.com/"/>
    <property name="path.separator" value=";"/>
    <property name="guice.disable.misplaced.annotation.check" value="true"/>
    <property name="java.vm.name" value="Java HotSpot(TM) 64-Bit Server VM"/>
    <property name="file.encoding.pkg" value="sun.io"/>
    <property name="user.script" value=""/>
    <property name="user.country" value="ES"/>
    <property name="sun.java.launcher" value="SUN_STANDARD"/>
    <property name="sun.os.patch.level" value=""/>
    <property name="java.vm.specification.name" value="Java Virtual Machine Specification"/>
    <property name="user.dir" value="C:\Users\Emanuel\Documents\NetBeansProjects\DS-MercadeoUCAB-Version v1 (Emanuel)\mercadeoUcab-master"/>
    <property name="java.runtime.version" value="1.8.0_261-b12"/>
    <property name="java.awt.graphicsenv" value="sun.awt.Win32GraphicsEnvironment"/>
    <property name="java.endorsed.dirs" value="C:\Program Files\Java\jdk1.8.0_261\jre\lib\endorsed"/>
    <property name="os.arch" value="amd64"/>
    <property name="java.io.tmpdir" value="C:\Users\Emanuel\AppData\Local\Temp\"/>
    <property name="line.separator" value="
"/>
    <property name="java.vm.specification.vendor" value="Oracle Corporation"/>
    <property name="user.variant" value=""/>
    <property name="os.name" value="Windows 10"/>
    <property name="maven.ext.class.path" value="C:\Program Files\NetBeans-12.1\netbeans\java\maven-nblib\netbeans-eventspy.jar"/>
    <property name="classworlds.conf" value="C:\Program Files\NetBeans-12.1\netbeans\java\maven\bin\..\bin\m2.conf"/>
    <property name="sun.jnu.encoding" value="Cp1252"/>
    <property name="java.library.path" value="C:\Program Files\Java\jdk1.8.0_261\bin;C:\WINDOWS\Sun\Java\bin;C:\WINDOWS\system32;C:\WINDOWS;C:\Program Files (x86)\Common Files\Oracle\Java\javapath;C:\Program Files\Common Files\Oracle\Java\javapath;C:\Program Files (x86)\NVIDIA Corporation\PhysX\Common;C:\ProgramData\Oracle\Java\javapath;C:\Program Files (x86)\Intel\iCLS Client\;C:\Program Files\Intel\iCLS Client\;C:\WINDOWS\system32;C:\WINDOWS;C:\WINDOWS\System32\Wbem;C:\WINDOWS\System32\WindowsPowerShell\v1.0\;C:\Program Files (x86)\Intel\OpenCL SDK\3.0\bin\x86;C:\Program Files (x86)\Intel\OpenCL SDK\3.0\bin\x64;C:\Program Files (x86)\GtkSharp\2.12\bin;C:\Program Files (x86)\Microsoft ASP.NET\ASP.NET Web Pages\v1.0\;C:\Program Files\Microsoft SQL Server\110\Tools\Binn\;C:\Program Files (x86)\QuickTime\QTSystem\;C:\Program Files\Microsoft SQL Server\130\Tools\Binn\;C:\Program Files\Microsoft\Web Platform Installer\;C:\WINDOWS\System32\OpenSSH\;C:\xampp\php;C:\ProgramData\ComposerSetup\bin;C:\Program Files\nodejs\;C:\Users\Emanuel\AppData\Local\Microsoft\WindowsApps;C:\Users\Emanuel\AppData\Local\atom\bin;C:\Users\Emanuel\AppData\Local\Microsoft\WindowsApps;C:\Users\Emanuel\AppData\Roaming\Composer\vendor\bin;C:\Users\Emanuel\AppData\Local\Programs\Microsoft VS Code\bin;C:\Users\Emanuel\AppData\Local\GitHubDesktop\bin;C:\Users\Emanuel\AppData\Roaming\npm;C:\Program Files\JetBrains\IntelliJ IDEA Educational Edition 2020.2.2\bin;;C:\Program Files\JetBrains\IntelliJ IDEA 2020.2.3\bin;;."/>
    <property name="maven.conf" value="C:\Program Files\NetBeans-12.1\netbeans\java\maven\bin\../conf"/>
    <property name="java.specification.name" value="Java Platform API Specification"/>
    <property name="java.class.version" value="52.0"/>
    <property name="sun.management.compiler" value="HotSpot 64-Bit Tiered Compilers"/>
    <property name="os.version" value="10.0"/>
    <property name="library.jansi.path" value="C:\Program Files\NetBeans-12.1\netbeans\java\maven\bin\..\lib\jansi-native"/>
    <property name="user.home" value="C:\Users\Emanuel"/>
    <property name="user.timezone" value="America/Caracas"/>
    <property name="java.awt.printerjob" value="sun.awt.windows.WPrinterJob"/>
    <property name="java.specification.version" value="1.8"/>
    <property name="file.encoding" value="UTF-8"/>
    <property name="user.name" value="Emanuel"/>
    <property name="java.class.path" value="C:\Program Files\NetBeans-12.1\netbeans\java\maven\bin\..\boot\plexus-classworlds-2.6.0.jar"/>
    <property name="java.vm.specification.version" value="1.8"/>
    <property name="sun.arch.data.model" value="64"/>
    <property name="java.home" value="C:\Program Files\Java\jdk1.8.0_261\jre"/>
    <property name="sun.java.command" value="org.codehaus.plexus.classworlds.launcher.Launcher -Dmaven.ext.class.path=C:\Program Files\NetBeans-12.1\netbeans\java\maven-nblib\netbeans-eventspy.jar -Dfile.encoding=UTF-8 clean install"/>
    <property name="java.specification.vendor" value="Oracle Corporation"/>
    <property name="user.language" value="es"/>
    <property name="awt.toolkit" value="sun.awt.windows.WToolkit"/>
    <property name="java.vm.info" value="mixed mode"/>
    <property name="java.version" value="1.8.0_261"/>
    <property name="java.ext.dirs" value="C:\Program Files\Java\jdk1.8.0_261\jre\lib\ext;C:\WINDOWS\Sun\Java\lib\ext"/>
    <property name="sun.boot.class.path" value="C:\Program Files\Java\jdk1.8.0_261\jre\lib\resources.jar;C:\Program Files\Java\jdk1.8.0_261\jre\lib\rt.jar;C:\Program Files\Java\jdk1.8.0_261\jre\lib\sunrsasign.jar;C:\Program Files\Java\jdk1.8.0_261\jre\lib\jsse.jar;C:\Program Files\Java\jdk1.8.0_261\jre\lib\jce.jar;C:\Program Files\Java\jdk1.8.0_261\jre\lib\charsets.jar;C:\Program Files\Java\jdk1.8.0_261\jre\lib\jfr.jar;C:\Program Files\Java\jdk1.8.0_261\jre\classes"/>
    <property name="java.vendor" value="Oracle Corporation"/>
    <property name="maven.home" value="C:\Program Files\NetBeans-12.1\netbeans\java\maven\bin\.."/>
    <property name="file.separator" value="\"/>
    <property name="java.vendor.url.bug" value="http://bugreport.sun.com/bugreport/"/>
    <property name="sun.cpu.endian" value="little"/>
    <property name="sun.io.unicode.encoding" value="UnicodeLittle"/>
    <property name="sun.desktop" value="windows"/>
    <property name="sun.cpu.isalist" value="amd64"/>
  </properties>
  <testcase classname="CategoriaAPI_Test" name="pruebaInsertarCategoria" time="4.482">
    <error message="Exception [EclipseLink-28019] (Eclipse Persistence Services - 2.6.4.v20160829-44060b6): org.eclipse.persistence.exceptions.EntityManagerSetupException
Exception Description: Deployment of PersistenceUnit [mercadeoUcabPU] failed. Close all factories for this PersistenceUnit.
Internal Exception: Exception [EclipseLink-0] (Eclipse Persistence Services - 2.6.4.v20160829-44060b6): org.eclipse.persistence.exceptions.IntegrityException
Descriptor Exceptions: 
---------------------------------------------------------

Exception [EclipseLink-48] (Eclipse Persistence Services - 2.6.4.v20160829-44060b6): org.eclipse.persistence.exceptions.DescriptorException
Exception Description: Multiple writable mappings exist for the field [hijo.Id].  Only one may be defined as writable, all others must be specified read-only.
Mapping: org.eclipse.persistence.mappings.ManyToOneMapping[_informacion]
Descriptor: RelationalDescriptor(ucab.dsw.entidades.Hijo --&gt; [DatabaseTable(hijo)])

Exception [EclipseLink-48] (Eclipse Persistence Services - 2.6.4.v20160829-44060b6): org.eclipse.persistence.exceptions.DescriptorException
Exception Description: Multiple writable mappings exist for the field [lugar.Id].  Only one may be defined as writable, all others must be specified read-only.
Mapping: org.eclipse.persistence.mappings.ManyToOneMapping[_lugar]
Descriptor: RelationalDescriptor(ucab.dsw.entidades.Lugar --&gt; [DatabaseTable(lugar)])

Exception [EclipseLink-48] (Eclipse Persistence Services - 2.6.4.v20160829-44060b6): org.eclipse.persistence.exceptions.DescriptorException
Exception Description: Multiple writable mappings exist for the field [preguntas_estudio.Id].  Only one may be defined as writable, all others must be specified read-only.
Mapping: org.eclipse.persistence.mappings.ManyToOneMapping[_estudio]
Descriptor: RelationalDescriptor(ucab.dsw.entidades.PreguntaEstudio --&gt; [DatabaseTable(preguntas_estudio)])

Exception [EclipseLink-48] (Eclipse Persistence Services - 2.6.4.v20160829-44060b6): org.eclipse.persistence.exceptions.DescriptorException
Exception Description: Multiple writable mappings exist for the field [preguntas_estudio.Id].  Only one may be defined as writable, all others must be specified read-only.
Mapping: org.eclipse.persistence.mappings.ManyToOneMapping[_preguntaEncuesta]
Descriptor: RelationalDescriptor(ucab.dsw.entidades.PreguntaEstudio --&gt; [DatabaseTable(preguntas_estudio)])

Exception [EclipseLink-48] (Eclipse Persistence Services - 2.6.4.v20160829-44060b6): org.eclipse.persistence.exceptions.DescriptorException
Exception Description: Multiple writable mappings exist for the field [historico_estado.Id].  Only one may be defined as writable, all others must be specified read-only.
Mapping: org.eclipse.persistence.mappings.ManyToOneMapping[_usuario]
Descriptor: RelationalDescriptor(ucab.dsw.entidades.HistoricoEstado --&gt; [DatabaseTable(historico_estado)])

Exception [EclipseLink-48] (Eclipse Persistence Services - 2.6.4.v20160829-44060b6): org.eclipse.persistence.exceptions.DescriptorException
Exception Description: Multiple writable mappings exist for the field [respuesta.Id].  Only one may be defined as writable, all others must be specified read-only.
Mapping: org.eclipse.persistence.mappings.ManyToOneMapping[_preguntaEstudio]
Descriptor: RelationalDescriptor(ucab.dsw.entidades.Respuesta --&gt; [DatabaseTable(respuesta)])

Exception [EclipseLink-48] (Eclipse Persistence Services - 2.6.4.v20160829-44060b6): org.eclipse.persistence.exceptions.DescriptorException
Exception Description: Multiple writable mappings exist for the field [respuesta.Id].  Only one may be defined as writable, all others must be specified read-only.
Mapping: org.eclipse.persistence.mappings.ManyToOneMapping[_usuario]
Descriptor: RelationalDescriptor(ucab.dsw.entidades.Respuesta --&gt; [DatabaseTable(respuesta)])

Exception [EclipseLink-48] (Eclipse Persistence Services - 2.6.4.v20160829-44060b6): org.eclipse.persistence.exceptions.DescriptorException
Exception Description: Multiple writable mappings exist for the field [respuesta_pregunta.Id].  Only one may be defined as writable, all others must be specified read-only.
Mapping: org.eclipse.persistence.mappings.ManyToOneMapping[_preguntaEncuesta]
Descriptor: RelationalDescriptor(ucab.dsw.entidades.RespuestaPregunta --&gt; [DatabaseTable(respuesta_pregunta)])

Exception [EclipseLink-48] (Eclipse Persistence Services - 2.6.4.v20160829-44060b6): org.eclipse.persistence.exceptions.DescriptorException
Exception Description: Multiple writable mappings exist for the field [solicitud_estudio.Id].  Only one may be defined as writable, all others must be specified read-only.
Mapping: org.eclipse.persistence.mappings.ManyToOneMapping[_nivelEconomico]
Descriptor: RelationalDescriptor(ucab.dsw.entidades.SolicitudEstudio --&gt; [DatabaseTable(solicitud_estudio)])

Exception [EclipseLink-48] (Eclipse Persistence Services - 2.6.4.v20160829-44060b6): org.eclipse.persistence.exceptions.DescriptorException
Exception Description: Multiple writable mappings exist for the field [solicitud_estudio.Id].  Only one may be defined as writable, all others must be specified read-only.
Mapping: org.eclipse.persistence.mappings.ManyToOneMapping[_producto]
Descriptor: RelationalDescriptor(ucab.dsw.entidades.SolicitudEstudio --&gt; [DatabaseTable(solicitud_estudio)])

Exception [EclipseLink-48] (Eclipse Persistence Services - 2.6.4.v20160829-44060b6): org.eclipse.persistence.exceptions.DescriptorException
Exception Description: Multiple writable mappings exist for the field [solicitud_estudio.Id].  Only one may be defined as writable, all others must be specified read-only.
Mapping: org.eclipse.persistence.mappings.ManyToOneMapping[_usuario]
Descriptor: RelationalDescriptor(ucab.dsw.entidades.SolicitudEstudio --&gt; [DatabaseTable(solicitud_estudio)])

Exception [EclipseLink-48] (Eclipse Persistence Services - 2.6.4.v20160829-44060b6): org.eclipse.persistence.exceptions.DescriptorException
Exception Description: Multiple writable mappings exist for the field [presentacion.Id].  Only one may be defined as writable, all others must be specified read-only.
Mapping: org.eclipse.persistence.mappings.ManyToOneMapping[_producto]
Descriptor: RelationalDescriptor(ucab.dsw.entidades.Presentacion --&gt; [DatabaseTable(presentacion)])

Exception [EclipseLink-48] (Eclipse Persistence Services - 2.6.4.v20160829-44060b6): org.eclipse.persistence.exceptions.DescriptorException
Exception Description: Multiple writable mappings exist for the field [medio_comunicacion.Id].  Only one may be defined as writable, all others must be specified read-only.
Mapping: org.eclipse.persistence.mappings.ManyToOneMapping[_informacion]
Descriptor: RelationalDescriptor(ucab.dsw.entidades.MedioComunicacion --&gt; [DatabaseTable(medio_comunicacion)])

Exception [EclipseLink-48] (Eclipse Persistence Services - 2.6.4.v20160829-44060b6): org.eclipse.persistence.exceptions.DescriptorException
Exception Description: Multiple writable mappings exist for the field [medio_comunicacion.Id].  Only one may be defined as writable, all others must be specified read-only.
Mapping: org.eclipse.persistence.mappings.ManyToOneMapping[_solicitudEstudio]
Descriptor: RelationalDescriptor(ucab.dsw.entidades.MedioComunicacion --&gt; [DatabaseTable(medio_comunicacion)])

Exception [EclipseLink-48] (Eclipse Persistence Services - 2.6.4.v20160829-44060b6): org.eclipse.persistence.exceptions.DescriptorException
Exception Description: Multiple writable mappings exist for the field [tipo.Id].  Only one may be defined as writable, all others must be specified read-only.
Mapping: org.eclipse.persistence.mappings.ManyToOneMapping[_producto]
Descriptor: RelationalDescriptor(ucab.dsw.entidades.Tipo --&gt; [DatabaseTable(tipo)])

Exception [EclipseLink-48] (Eclipse Persistence Services - 2.6.4.v20160829-44060b6): org.eclipse.persistence.exceptions.DescriptorException
Exception Description: Multiple writable mappings exist for the field [informacion.Id].  Only one may be defined as writable, all others must be specified read-only.
Mapping: org.eclipse.persistence.mappings.ManyToOneMapping[_lugar]
Descriptor: RelationalDescriptor(ucab.dsw.entidades.Informacion --&gt; [DatabaseTable(informacion)])

Exception [EclipseLink-48] (Eclipse Persistence Services - 2.6.4.v20160829-44060b6): org.eclipse.persistence.exceptions.DescriptorException
Exception Description: Multiple writable mappings exist for the field [informacion.Id].  Only one may be defined as writable, all others must be specified read-only.
Mapping: org.eclipse.persistence.mappings.ManyToOneMapping[_nivelAcademico]
Descriptor: RelationalDescriptor(ucab.dsw.entidades.Informacion --&gt; [DatabaseTable(informacion)])

Exception [EclipseLink-48] (Eclipse Persistence Services - 2.6.4.v20160829-44060b6): org.eclipse.persistence.exceptions.DescriptorException
Exception Description: Multiple writable mappings exist for the field [informacion.Id].  Only one may be defined as writable, all others must be specified read-only.
Mapping: org.eclipse.persistence.mappings.ManyToOneMapping[_nivelEconomico]
Descriptor: RelationalDescriptor(ucab.dsw.entidades.Informacion --&gt; [DatabaseTable(informacion)])

Exception [EclipseLink-48] (Eclipse Persistence Services - 2.6.4.v20160829-44060b6): org.eclipse.persistence.exceptions.DescriptorException
Exception Description: Multiple writable mappings exist for the field [informacion.Id].  Only one may be defined as writable, all others must be specified read-only.
Mapping: org.eclipse.persistence.mappings.ManyToOneMapping[_ocupacion]
Descriptor: RelationalDescriptor(ucab.dsw.entidades.Informacion --&gt; [DatabaseTable(informacion)])

Exception [EclipseLink-48] (Eclipse Persistence Services - 2.6.4.v20160829-44060b6): org.eclipse.persistence.exceptions.DescriptorException
Exception Description: Multiple writable mappings exist for the field [pregunta_encuesta.Id].  Only one may be defined as writable, all others must be specified read-only.
Mapping: org.eclipse.persistence.mappings.ManyToOneMapping[_subcategoria]
Descriptor: RelationalDescriptor(ucab.dsw.entidades.PreguntaEncuesta --&gt; [DatabaseTable(pregunta_encuesta)])

Exception [EclipseLink-48] (Eclipse Persistence Services - 2.6.4.v20160829-44060b6): org.eclipse.persistence.exceptions.DescriptorException
Exception Description: Multiple writable mappings exist for the field [pregunta_encuesta.Id].  Only one may be defined as writable, all others must be specified read-only.
Mapping: org.eclipse.persistence.mappings.ManyToOneMapping[_usuario]
Descriptor: RelationalDescriptor(ucab.dsw.entidades.PreguntaEncuesta --&gt; [DatabaseTable(pregunta_encuesta)])

Exception [EclipseLink-48] (Eclipse Persistence Services - 2.6.4.v20160829-44060b6): org.eclipse.persistence.exceptions.DescriptorException
Exception Description: Multiple writable mappings exist for the field [estudio.Id].  Only one may be defined as writable, all others must be specified read-only.
Mapping: org.eclipse.persistence.mappings.ManyToOneMapping[_solicitudEstudio]
Descriptor: RelationalDescriptor(ucab.dsw.entidades.Estudio --&gt; [DatabaseTable(estudio)])

Exception [EclipseLink-48] (Eclipse Persistence Services - 2.6.4.v20160829-44060b6): org.eclipse.persistence.exceptions.DescriptorException
Exception Description: Multiple writable mappings exist for the field [estudio.Id].  Only one may be defined as writable, all others must be specified read-only.
Mapping: org.eclipse.persistence.mappings.ManyToOneMapping[_usuario]
Descriptor: RelationalDescriptor(ucab.dsw.entidades.Estudio --&gt; [DatabaseTable(estudio)])

Exception [EclipseLink-48] (Eclipse Persistence Services - 2.6.4.v20160829-44060b6): org.eclipse.persistence.exceptions.DescriptorException
Exception Description: Multiple writable mappings exist for the field [telefono.Id].  Only one may be defined as writable, all others must be specified read-only.
Mapping: org.eclipse.persistence.mappings.ManyToOneMapping[_informacion]
Descriptor: RelationalDescriptor(ucab.dsw.entidades.Telefono --&gt; [DatabaseTable(telefono)])

Exception [EclipseLink-48] (Eclipse Persistence Services - 2.6.4.v20160829-44060b6): org.eclipse.persistence.exceptions.DescriptorException
Exception Description: Multiple writable mappings exist for the field [subcategoria.Id].  Only one may be defined as writable, all others must be specified read-only.
Mapping: org.eclipse.persistence.mappings.ManyToOneMapping[_categoria]
Descriptor: RelationalDescriptor(ucab.dsw.entidades.Subcategoria --&gt; [DatabaseTable(subcategoria)])

Exception [EclipseLink-48] (Eclipse Persistence Services - 2.6.4.v20160829-44060b6): org.eclipse.persistence.exceptions.DescriptorException
Exception Description: Multiple writable mappings exist for the field [producto.Id].  Only one may be defined as writable, all others must be specified read-only.
Mapping: org.eclipse.persistence.mappings.ManyToOneMapping[_marca]
Descriptor: RelationalDescriptor(ucab.dsw.entidades.Producto --&gt; [DatabaseTable(producto)])

Exception [EclipseLink-48] (Eclipse Persistence Services - 2.6.4.v20160829-44060b6): org.eclipse.persistence.exceptions.DescriptorException
Exception Description: Multiple writable mappings exist for the field [producto.Id].  Only one may be defined as writable, all others must be specified read-only.
Mapping: org.eclipse.persistence.mappings.ManyToOneMapping[_subcategoria]
Descriptor: RelationalDescriptor(ucab.dsw.entidades.Producto --&gt; [DatabaseTable(producto)])

Exception [EclipseLink-48] (Eclipse Persistence Services - 2.6.4.v20160829-44060b6): org.eclipse.persistence.exceptions.DescriptorException
Exception Description: Multiple writable mappings exist for the field [producto.Id].  Only one may be defined as writable, all others must be specified read-only.
Mapping: org.eclipse.persistence.mappings.ManyToOneMapping[_usuario]
Descriptor: RelationalDescriptor(ucab.dsw.entidades.Producto --&gt; [DatabaseTable(producto)])

Exception [EclipseLink-48] (Eclipse Persistence Services - 2.6.4.v20160829-44060b6): org.eclipse.persistence.exceptions.DescriptorException
Exception Description: Multiple writable mappings exist for the field [usuario.Id].  Only one may be defined as writable, all others must be specified read-only.
Mapping: org.eclipse.persistence.mappings.ManyToOneMapping[_rol]
Descriptor: RelationalDescriptor(ucab.dsw.entidades.Usuario --&gt; [DatabaseTable(usuario)])

Exception [EclipseLink-48] (Eclipse Persistence Services - 2.6.4.v20160829-44060b6): org.eclipse.persistence.exceptions.DescriptorException
Exception Description: Multiple writable mappings exist for the field [usuario.Id].  Only one may be defined as writable, all others must be specified read-only.
Mapping: org.eclipse.persistence.mappings.OneToOneMapping[_informacion]
Descriptor: RelationalDescriptor(ucab.dsw.entidades.Usuario --&gt; [DatabaseTable(usuario)])

Runtime Exceptions: 
---------------------------------------------------------
" type="javax.persistence.PersistenceException">javax.persistence.PersistenceException: Exception [EclipseLink-28019] (Eclipse Persistence Services - 2.6.4.v20160829-44060b6): org.eclipse.persistence.exceptions.EntityManagerSetupException
Exception Description: Deployment of PersistenceUnit [mercadeoUcabPU] failed. Close all factories for this PersistenceUnit.
Internal Exception: Exception [EclipseLink-0] (Eclipse Persistence Services - 2.6.4.v20160829-44060b6): org.eclipse.persistence.exceptions.IntegrityException
Descriptor Exceptions: 
---------------------------------------------------------

Exception [EclipseLink-48] (Eclipse Persistence Services - 2.6.4.v20160829-44060b6): org.eclipse.persistence.exceptions.DescriptorException
Exception Description: Multiple writable mappings exist for the field [hijo.Id].  Only one may be defined as writable, all others must be specified read-only.
Mapping: org.eclipse.persistence.mappings.ManyToOneMapping[_informacion]
Descriptor: RelationalDescriptor(ucab.dsw.entidades.Hijo --&gt; [DatabaseTable(hijo)])

Exception [EclipseLink-48] (Eclipse Persistence Services - 2.6.4.v20160829-44060b6): org.eclipse.persistence.exceptions.DescriptorException
Exception Description: Multiple writable mappings exist for the field [lugar.Id].  Only one may be defined as writable, all others must be specified read-only.
Mapping: org.eclipse.persistence.mappings.ManyToOneMapping[_lugar]
Descriptor: RelationalDescriptor(ucab.dsw.entidades.Lugar --&gt; [DatabaseTable(lugar)])

Exception [EclipseLink-48] (Eclipse Persistence Services - 2.6.4.v20160829-44060b6): org.eclipse.persistence.exceptions.DescriptorException
Exception Description: Multiple writable mappings exist for the field [preguntas_estudio.Id].  Only one may be defined as writable, all others must be specified read-only.
Mapping: org.eclipse.persistence.mappings.ManyToOneMapping[_estudio]
Descriptor: RelationalDescriptor(ucab.dsw.entidades.PreguntaEstudio --&gt; [DatabaseTable(preguntas_estudio)])

Exception [EclipseLink-48] (Eclipse Persistence Services - 2.6.4.v20160829-44060b6): org.eclipse.persistence.exceptions.DescriptorException
Exception Description: Multiple writable mappings exist for the field [preguntas_estudio.Id].  Only one may be defined as writable, all others must be specified read-only.
Mapping: org.eclipse.persistence.mappings.ManyToOneMapping[_preguntaEncuesta]
Descriptor: RelationalDescriptor(ucab.dsw.entidades.PreguntaEstudio --&gt; [DatabaseTable(preguntas_estudio)])

Exception [EclipseLink-48] (Eclipse Persistence Services - 2.6.4.v20160829-44060b6): org.eclipse.persistence.exceptions.DescriptorException
Exception Description: Multiple writable mappings exist for the field [historico_estado.Id].  Only one may be defined as writable, all others must be specified read-only.
Mapping: org.eclipse.persistence.mappings.ManyToOneMapping[_usuario]
Descriptor: RelationalDescriptor(ucab.dsw.entidades.HistoricoEstado --&gt; [DatabaseTable(historico_estado)])

Exception [EclipseLink-48] (Eclipse Persistence Services - 2.6.4.v20160829-44060b6): org.eclipse.persistence.exceptions.DescriptorException
Exception Description: Multiple writable mappings exist for the field [respuesta.Id].  Only one may be defined as writable, all others must be specified read-only.
Mapping: org.eclipse.persistence.mappings.ManyToOneMapping[_preguntaEstudio]
Descriptor: RelationalDescriptor(ucab.dsw.entidades.Respuesta --&gt; [DatabaseTable(respuesta)])

Exception [EclipseLink-48] (Eclipse Persistence Services - 2.6.4.v20160829-44060b6): org.eclipse.persistence.exceptions.DescriptorException
Exception Description: Multiple writable mappings exist for the field [respuesta.Id].  Only one may be defined as writable, all others must be specified read-only.
Mapping: org.eclipse.persistence.mappings.ManyToOneMapping[_usuario]
Descriptor: RelationalDescriptor(ucab.dsw.entidades.Respuesta --&gt; [DatabaseTable(respuesta)])

Exception [EclipseLink-48] (Eclipse Persistence Services - 2.6.4.v20160829-44060b6): org.eclipse.persistence.exceptions.DescriptorException
Exception Description: Multiple writable mappings exist for the field [respuesta_pregunta.Id].  Only one may be defined as writable, all others must be specified read-only.
Mapping: org.eclipse.persistence.mappings.ManyToOneMapping[_preguntaEncuesta]
Descriptor: RelationalDescriptor(ucab.dsw.entidades.RespuestaPregunta --&gt; [DatabaseTable(respuesta_pregunta)])

Exception [EclipseLink-48] (Eclipse Persistence Services - 2.6.4.v20160829-44060b6): org.eclipse.persistence.exceptions.DescriptorException
Exception Description: Multiple writable mappings exist for the field [solicitud_estudio.Id].  Only one may be defined as writable, all others must be specified read-only.
Mapping: org.eclipse.persistence.mappings.ManyToOneMapping[_nivelEconomico]
Descriptor: RelationalDescriptor(ucab.dsw.entidades.SolicitudEstudio --&gt; [DatabaseTable(solicitud_estudio)])

Exception [EclipseLink-48] (Eclipse Persistence Services - 2.6.4.v20160829-44060b6): org.eclipse.persistence.exceptions.DescriptorException
Exception Description: Multiple writable mappings exist for the field [solicitud_estudio.Id].  Only one may be defined as writable, all others must be specified read-only.
Mapping: org.eclipse.persistence.mappings.ManyToOneMapping[_producto]
Descriptor: RelationalDescriptor(ucab.dsw.entidades.SolicitudEstudio --&gt; [DatabaseTable(solicitud_estudio)])

Exception [EclipseLink-48] (Eclipse Persistence Services - 2.6.4.v20160829-44060b6): org.eclipse.persistence.exceptions.DescriptorException
Exception Description: Multiple writable mappings exist for the field [solicitud_estudio.Id].  Only one may be defined as writable, all others must be specified read-only.
Mapping: org.eclipse.persistence.mappings.ManyToOneMapping[_usuario]
Descriptor: RelationalDescriptor(ucab.dsw.entidades.SolicitudEstudio --&gt; [DatabaseTable(solicitud_estudio)])

Exception [EclipseLink-48] (Eclipse Persistence Services - 2.6.4.v20160829-44060b6): org.eclipse.persistence.exceptions.DescriptorException
Exception Description: Multiple writable mappings exist for the field [presentacion.Id].  Only one may be defined as writable, all others must be specified read-only.
Mapping: org.eclipse.persistence.mappings.ManyToOneMapping[_producto]
Descriptor: RelationalDescriptor(ucab.dsw.entidades.Presentacion --&gt; [DatabaseTable(presentacion)])

Exception [EclipseLink-48] (Eclipse Persistence Services - 2.6.4.v20160829-44060b6): org.eclipse.persistence.exceptions.DescriptorException
Exception Description: Multiple writable mappings exist for the field [medio_comunicacion.Id].  Only one may be defined as writable, all others must be specified read-only.
Mapping: org.eclipse.persistence.mappings.ManyToOneMapping[_informacion]
Descriptor: RelationalDescriptor(ucab.dsw.entidades.MedioComunicacion --&gt; [DatabaseTable(medio_comunicacion)])

Exception [EclipseLink-48] (Eclipse Persistence Services - 2.6.4.v20160829-44060b6): org.eclipse.persistence.exceptions.DescriptorException
Exception Description: Multiple writable mappings exist for the field [medio_comunicacion.Id].  Only one may be defined as writable, all others must be specified read-only.
Mapping: org.eclipse.persistence.mappings.ManyToOneMapping[_solicitudEstudio]
Descriptor: RelationalDescriptor(ucab.dsw.entidades.MedioComunicacion --&gt; [DatabaseTable(medio_comunicacion)])

Exception [EclipseLink-48] (Eclipse Persistence Services - 2.6.4.v20160829-44060b6): org.eclipse.persistence.exceptions.DescriptorException
Exception Description: Multiple writable mappings exist for the field [tipo.Id].  Only one may be defined as writable, all others must be specified read-only.
Mapping: org.eclipse.persistence.mappings.ManyToOneMapping[_producto]
Descriptor: RelationalDescriptor(ucab.dsw.entidades.Tipo --&gt; [DatabaseTable(tipo)])

Exception [EclipseLink-48] (Eclipse Persistence Services - 2.6.4.v20160829-44060b6): org.eclipse.persistence.exceptions.DescriptorException
Exception Description: Multiple writable mappings exist for the field [informacion.Id].  Only one may be defined as writable, all others must be specified read-only.
Mapping: org.eclipse.persistence.mappings.ManyToOneMapping[_lugar]
Descriptor: RelationalDescriptor(ucab.dsw.entidades.Informacion --&gt; [DatabaseTable(informacion)])

Exception [EclipseLink-48] (Eclipse Persistence Services - 2.6.4.v20160829-44060b6): org.eclipse.persistence.exceptions.DescriptorException
Exception Description: Multiple writable mappings exist for the field [informacion.Id].  Only one may be defined as writable, all others must be specified read-only.
Mapping: org.eclipse.persistence.mappings.ManyToOneMapping[_nivelAcademico]
Descriptor: RelationalDescriptor(ucab.dsw.entidades.Informacion --&gt; [DatabaseTable(informacion)])

Exception [EclipseLink-48] (Eclipse Persistence Services - 2.6.4.v20160829-44060b6): org.eclipse.persistence.exceptions.DescriptorException
Exception Description: Multiple writable mappings exist for the field [informacion.Id].  Only one may be defined as writable, all others must be specified read-only.
Mapping: org.eclipse.persistence.mappings.ManyToOneMapping[_nivelEconomico]
Descriptor: RelationalDescriptor(ucab.dsw.entidades.Informacion --&gt; [DatabaseTable(informacion)])

Exception [EclipseLink-48] (Eclipse Persistence Services - 2.6.4.v20160829-44060b6): org.eclipse.persistence.exceptions.DescriptorException
Exception Description: Multiple writable mappings exist for the field [informacion.Id].  Only one may be defined as writable, all others must be specified read-only.
Mapping: org.eclipse.persistence.mappings.ManyToOneMapping[_ocupacion]
Descriptor: RelationalDescriptor(ucab.dsw.entidades.Informacion --&gt; [DatabaseTable(informacion)])

Exception [EclipseLink-48] (Eclipse Persistence Services - 2.6.4.v20160829-44060b6): org.eclipse.persistence.exceptions.DescriptorException
Exception Description: Multiple writable mappings exist for the field [pregunta_encuesta.Id].  Only one may be defined as writable, all others must be specified read-only.
Mapping: org.eclipse.persistence.mappings.ManyToOneMapping[_subcategoria]
Descriptor: RelationalDescriptor(ucab.dsw.entidades.PreguntaEncuesta --&gt; [DatabaseTable(pregunta_encuesta)])

Exception [EclipseLink-48] (Eclipse Persistence Services - 2.6.4.v20160829-44060b6): org.eclipse.persistence.exceptions.DescriptorException
Exception Description: Multiple writable mappings exist for the field [pregunta_encuesta.Id].  Only one may be defined as writable, all others must be specified read-only.
Mapping: org.eclipse.persistence.mappings.ManyToOneMapping[_usuario]
Descriptor: RelationalDescriptor(ucab.dsw.entidades.PreguntaEncuesta --&gt; [DatabaseTable(pregunta_encuesta)])

Exception [EclipseLink-48] (Eclipse Persistence Services - 2.6.4.v20160829-44060b6): org.eclipse.persistence.exceptions.DescriptorException
Exception Description: Multiple writable mappings exist for the field [estudio.Id].  Only one may be defined as writable, all others must be specified read-only.
Mapping: org.eclipse.persistence.mappings.ManyToOneMapping[_solicitudEstudio]
Descriptor: RelationalDescriptor(ucab.dsw.entidades.Estudio --&gt; [DatabaseTable(estudio)])

Exception [EclipseLink-48] (Eclipse Persistence Services - 2.6.4.v20160829-44060b6): org.eclipse.persistence.exceptions.DescriptorException
Exception Description: Multiple writable mappings exist for the field [estudio.Id].  Only one may be defined as writable, all others must be specified read-only.
Mapping: org.eclipse.persistence.mappings.ManyToOneMapping[_usuario]
Descriptor: RelationalDescriptor(ucab.dsw.entidades.Estudio --&gt; [DatabaseTable(estudio)])

Exception [EclipseLink-48] (Eclipse Persistence Services - 2.6.4.v20160829-44060b6): org.eclipse.persistence.exceptions.DescriptorException
Exception Description: Multiple writable mappings exist for the field [telefono.Id].  Only one may be defined as writable, all others must be specified read-only.
Mapping: org.eclipse.persistence.mappings.ManyToOneMapping[_informacion]
Descriptor: RelationalDescriptor(ucab.dsw.entidades.Telefono --&gt; [DatabaseTable(telefono)])

Exception [EclipseLink-48] (Eclipse Persistence Services - 2.6.4.v20160829-44060b6): org.eclipse.persistence.exceptions.DescriptorException
Exception Description: Multiple writable mappings exist for the field [subcategoria.Id].  Only one may be defined as writable, all others must be specified read-only.
Mapping: org.eclipse.persistence.mappings.ManyToOneMapping[_categoria]
Descriptor: RelationalDescriptor(ucab.dsw.entidades.Subcategoria --&gt; [DatabaseTable(subcategoria)])

Exception [EclipseLink-48] (Eclipse Persistence Services - 2.6.4.v20160829-44060b6): org.eclipse.persistence.exceptions.DescriptorException
Exception Description: Multiple writable mappings exist for the field [producto.Id].  Only one may be defined as writable, all others must be specified read-only.
Mapping: org.eclipse.persistence.mappings.ManyToOneMapping[_marca]
Descriptor: RelationalDescriptor(ucab.dsw.entidades.Producto --&gt; [DatabaseTable(producto)])

Exception [EclipseLink-48] (Eclipse Persistence Services - 2.6.4.v20160829-44060b6): org.eclipse.persistence.exceptions.DescriptorException
Exception Description: Multiple writable mappings exist for the field [producto.Id].  Only one may be defined as writable, all others must be specified read-only.
Mapping: org.eclipse.persistence.mappings.ManyToOneMapping[_subcategoria]
Descriptor: RelationalDescriptor(ucab.dsw.entidades.Producto --&gt; [DatabaseTable(producto)])

Exception [EclipseLink-48] (Eclipse Persistence Services - 2.6.4.v20160829-44060b6): org.eclipse.persistence.exceptions.DescriptorException
Exception Description: Multiple writable mappings exist for the field [producto.Id].  Only one may be defined as writable, all others must be specified read-only.
Mapping: org.eclipse.persistence.mappings.ManyToOneMapping[_usuario]
Descriptor: RelationalDescriptor(ucab.dsw.entidades.Producto --&gt; [DatabaseTable(producto)])

Exception [EclipseLink-48] (Eclipse Persistence Services - 2.6.4.v20160829-44060b6): org.eclipse.persistence.exceptions.DescriptorException
Exception Description: Multiple writable mappings exist for the field [usuario.Id].  Only one may be defined as writable, all others must be specified read-only.
Mapping: org.eclipse.persistence.mappings.ManyToOneMapping[_rol]
Descriptor: RelationalDescriptor(ucab.dsw.entidades.Usuario --&gt; [DatabaseTable(usuario)])

Exception [EclipseLink-48] (Eclipse Persistence Services - 2.6.4.v20160829-44060b6): org.eclipse.persistence.exceptions.DescriptorException
Exception Description: Multiple writable mappings exist for the field [usuario.Id].  Only one may be defined as writable, all others must be specified read-only.
Mapping: org.eclipse.persistence.mappings.OneToOneMapping[_informacion]
Descriptor: RelationalDescriptor(ucab.dsw.entidades.Usuario --&gt; [DatabaseTable(usuario)])

Runtime Exceptions: 
---------------------------------------------------------

	at org.eclipse.persistence.internal.jpa.EntityManagerSetupImpl.createDeployFailedPersistenceException(EntityManagerSetupImpl.java:869)
	at org.eclipse.persistence.internal.jpa.EntityManagerSetupImpl.deploy(EntityManagerSetupImpl.java:809)
	at org.eclipse.persistence.internal.jpa.EntityManagerFactoryDelegate.getAbstractSession(EntityManagerFactoryDelegate.java:205)
	at org.eclipse.persistence.internal.jpa.EntityManagerFactoryDelegate.createEntityManagerImpl(EntityManagerFactoryDelegate.java:305)
	at org.eclipse.persistence.internal.jpa.EntityManagerFactoryImpl.createEntityManagerImpl(EntityManagerFactoryImpl.java:337)
	at org.eclipse.persistence.internal.jpa.EntityManagerFactoryImpl.createEntityManager(EntityManagerFactoryImpl.java:303)
	at ucab.dsw.accesodatos.DaoHandler.getSession(DaoHandler.java:52)
	at ucab.dsw.accesodatos.Dao.insert(Dao.java:33)
	at CategoriaAPI_Test.pruebaInsertarCategoria(CategoriaAPI_Test.java:24)
	at sun.reflect.NativeMethodAccessorImpl.invoke0(Native Method)
	at sun.reflect.NativeMethodAccessorImpl.invoke(NativeMethodAccessorImpl.java:62)
	at sun.reflect.DelegatingMethodAccessorImpl.invoke(DelegatingMethodAccessorImpl.java:43)
	at java.lang.reflect.Method.invoke(Method.java:498)
	at org.junit.runners.model.FrameworkMethod$1.runReflectiveCall(FrameworkMethod.java:59)
	at org.junit.internal.runners.model.ReflectiveCallable.run(ReflectiveCallable.java:12)
	at org.junit.runners.model.FrameworkMethod.invokeExplosively(FrameworkMethod.java:56)
	at org.junit.internal.runners.statements.InvokeMethod.evaluate(InvokeMethod.java:17)
	at org.junit.runners.ParentRunner$3.evaluate(ParentRunner.java:305)
	at org.junit.runners.BlockJUnit4ClassRunner$1.evaluate(BlockJUnit4ClassRunner.java:100)
	at org.junit.runners.ParentRunner.runLeaf(ParentRunner.java:365)
	at org.junit.runners.BlockJUnit4ClassRunner.runChild(BlockJUnit4ClassRunner.java:103)
	at org.junit.runners.BlockJUnit4ClassRunner.runChild(BlockJUnit4ClassRunner.java:63)
	at org.junit.runners.ParentRunner$4.run(ParentRunner.java:330)
	at org.junit.runners.ParentRunner$1.schedule(ParentRunner.java:78)
	at org.junit.runners.ParentRunner.runChildren(ParentRunner.java:328)
	at org.junit.runners.ParentRunner.access$100(ParentRunner.java:65)
	at org.junit.runners.ParentRunner$2.evaluate(ParentRunner.java:292)
	at org.junit.runners.ParentRunner$3.evaluate(ParentRunner.java:305)
	at org.junit.runners.ParentRunner.run(ParentRunner.java:412)
	at org.apache.maven.surefire.junit4.JUnit4Provider.execute(JUnit4Provider.java:252)
	at org.apache.maven.surefire.junit4.JUnit4Provider.executeTestSet(JUnit4Provider.java:141)
	at org.apache.maven.surefire.junit4.JUnit4Provider.invoke(JUnit4Provider.java:112)
	at sun.reflect.NativeMethodAccessorImpl.invoke0(Native Method)
	at sun.reflect.NativeMethodAccessorImpl.invoke(NativeMethodAccessorImpl.java:62)
	at sun.reflect.DelegatingMethodAccessorImpl.invoke(DelegatingMethodAccessorImpl.java:43)
	at java.lang.reflect.Method.invoke(Method.java:498)
	at org.apache.maven.surefire.util.ReflectionUtils.invokeMethodWithArray(ReflectionUtils.java:189)
	at org.apache.maven.surefire.booter.ProviderFactory$ProviderProxy.invoke(ProviderFactory.java:165)
	at org.apache.maven.surefire.booter.ProviderFactory.invokeProvider(ProviderFactory.java:85)
	at org.apache.maven.surefire.booter.ForkedBooter.runSuitesInProcess(ForkedBooter.java:115)
	at org.apache.maven.surefire.booter.ForkedBooter.main(ForkedBooter.java:75)
Caused by: Exception [EclipseLink-28019] (Eclipse Persistence Services - 2.6.4.v20160829-44060b6): org.eclipse.persistence.exceptions.EntityManagerSetupException
Exception Description: Deployment of PersistenceUnit [mercadeoUcabPU] failed. Close all factories for this PersistenceUnit.
Internal Exception: Exception [EclipseLink-0] (Eclipse Persistence Services - 2.6.4.v20160829-44060b6): org.eclipse.persistence.exceptions.IntegrityException
Descriptor Exceptions: 
---------------------------------------------------------

Exception [EclipseLink-48] (Eclipse Persistence Services - 2.6.4.v20160829-44060b6): org.eclipse.persistence.exceptions.DescriptorException
Exception Description: Multiple writable mappings exist for the field [hijo.Id].  Only one may be defined as writable, all others must be specified read-only.
Mapping: org.eclipse.persistence.mappings.ManyToOneMapping[_informacion]
Descriptor: RelationalDescriptor(ucab.dsw.entidades.Hijo --&gt; [DatabaseTable(hijo)])

Exception [EclipseLink-48] (Eclipse Persistence Services - 2.6.4.v20160829-44060b6): org.eclipse.persistence.exceptions.DescriptorException
Exception Description: Multiple writable mappings exist for the field [lugar.Id].  Only one may be defined as writable, all others must be specified read-only.
Mapping: org.eclipse.persistence.mappings.ManyToOneMapping[_lugar]
Descriptor: RelationalDescriptor(ucab.dsw.entidades.Lugar --&gt; [DatabaseTable(lugar)])

Exception [EclipseLink-48] (Eclipse Persistence Services - 2.6.4.v20160829-44060b6): org.eclipse.persistence.exceptions.DescriptorException
Exception Description: Multiple writable mappings exist for the field [preguntas_estudio.Id].  Only one may be defined as writable, all others must be specified read-only.
Mapping: org.eclipse.persistence.mappings.ManyToOneMapping[_estudio]
Descriptor: RelationalDescriptor(ucab.dsw.entidades.PreguntaEstudio --&gt; [DatabaseTable(preguntas_estudio)])

Exception [EclipseLink-48] (Eclipse Persistence Services - 2.6.4.v20160829-44060b6): org.eclipse.persistence.exceptions.DescriptorException
Exception Description: Multiple writable mappings exist for the field [preguntas_estudio.Id].  Only one may be defined as writable, all others must be specified read-only.
Mapping: org.eclipse.persistence.mappings.ManyToOneMapping[_preguntaEncuesta]
Descriptor: RelationalDescriptor(ucab.dsw.entidades.PreguntaEstudio --&gt; [DatabaseTable(preguntas_estudio)])

Exception [EclipseLink-48] (Eclipse Persistence Services - 2.6.4.v20160829-44060b6): org.eclipse.persistence.exceptions.DescriptorException
Exception Description: Multiple writable mappings exist for the field [historico_estado.Id].  Only one may be defined as writable, all others must be specified read-only.
Mapping: org.eclipse.persistence.mappings.ManyToOneMapping[_usuario]
Descriptor: RelationalDescriptor(ucab.dsw.entidades.HistoricoEstado --&gt; [DatabaseTable(historico_estado)])

Exception [EclipseLink-48] (Eclipse Persistence Services - 2.6.4.v20160829-44060b6): org.eclipse.persistence.exceptions.DescriptorException
Exception Description: Multiple writable mappings exist for the field [respuesta.Id].  Only one may be defined as writable, all others must be specified read-only.
Mapping: org.eclipse.persistence.mappings.ManyToOneMapping[_preguntaEstudio]
Descriptor: RelationalDescriptor(ucab.dsw.entidades.Respuesta --&gt; [DatabaseTable(respuesta)])

Exception [EclipseLink-48] (Eclipse Persistence Services - 2.6.4.v20160829-44060b6): org.eclipse.persistence.exceptions.DescriptorException
Exception Description: Multiple writable mappings exist for the field [respuesta.Id].  Only one may be defined as writable, all others must be specified read-only.
Mapping: org.eclipse.persistence.mappings.ManyToOneMapping[_usuario]
Descriptor: RelationalDescriptor(ucab.dsw.entidades.Respuesta --&gt; [DatabaseTable(respuesta)])

Exception [EclipseLink-48] (Eclipse Persistence Services - 2.6.4.v20160829-44060b6): org.eclipse.persistence.exceptions.DescriptorException
Exception Description: Multiple writable mappings exist for the field [respuesta_pregunta.Id].  Only one may be defined as writable, all others must be specified read-only.
Mapping: org.eclipse.persistence.mappings.ManyToOneMapping[_preguntaEncuesta]
Descriptor: RelationalDescriptor(ucab.dsw.entidades.RespuestaPregunta --&gt; [DatabaseTable(respuesta_pregunta)])

Exception [EclipseLink-48] (Eclipse Persistence Services - 2.6.4.v20160829-44060b6): org.eclipse.persistence.exceptions.DescriptorException
Exception Description: Multiple writable mappings exist for the field [solicitud_estudio.Id].  Only one may be defined as writable, all others must be specified read-only.
Mapping: org.eclipse.persistence.mappings.ManyToOneMapping[_nivelEconomico]
Descriptor: RelationalDescriptor(ucab.dsw.entidades.SolicitudEstudio --&gt; [DatabaseTable(solicitud_estudio)])

Exception [EclipseLink-48] (Eclipse Persistence Services - 2.6.4.v20160829-44060b6): org.eclipse.persistence.exceptions.DescriptorException
Exception Description: Multiple writable mappings exist for the field [solicitud_estudio.Id].  Only one may be defined as writable, all others must be specified read-only.
Mapping: org.eclipse.persistence.mappings.ManyToOneMapping[_producto]
Descriptor: RelationalDescriptor(ucab.dsw.entidades.SolicitudEstudio --&gt; [DatabaseTable(solicitud_estudio)])

Exception [EclipseLink-48] (Eclipse Persistence Services - 2.6.4.v20160829-44060b6): org.eclipse.persistence.exceptions.DescriptorException
Exception Description: Multiple writable mappings exist for the field [solicitud_estudio.Id].  Only one may be defined as writable, all others must be specified read-only.
Mapping: org.eclipse.persistence.mappings.ManyToOneMapping[_usuario]
Descriptor: RelationalDescriptor(ucab.dsw.entidades.SolicitudEstudio --&gt; [DatabaseTable(solicitud_estudio)])

Exception [EclipseLink-48] (Eclipse Persistence Services - 2.6.4.v20160829-44060b6): org.eclipse.persistence.exceptions.DescriptorException
Exception Description: Multiple writable mappings exist for the field [presentacion.Id].  Only one may be defined as writable, all others must be specified read-only.
Mapping: org.eclipse.persistence.mappings.ManyToOneMapping[_producto]
Descriptor: RelationalDescriptor(ucab.dsw.entidades.Presentacion --&gt; [DatabaseTable(presentacion)])

Exception [EclipseLink-48] (Eclipse Persistence Services - 2.6.4.v20160829-44060b6): org.eclipse.persistence.exceptions.DescriptorException
Exception Description: Multiple writable mappings exist for the field [medio_comunicacion.Id].  Only one may be defined as writable, all others must be specified read-only.
Mapping: org.eclipse.persistence.mappings.ManyToOneMapping[_informacion]
Descriptor: RelationalDescriptor(ucab.dsw.entidades.MedioComunicacion --&gt; [DatabaseTable(medio_comunicacion)])

Exception [EclipseLink-48] (Eclipse Persistence Services - 2.6.4.v20160829-44060b6): org.eclipse.persistence.exceptions.DescriptorException
Exception Description: Multiple writable mappings exist for the field [medio_comunicacion.Id].  Only one may be defined as writable, all others must be specified read-only.
Mapping: org.eclipse.persistence.mappings.ManyToOneMapping[_solicitudEstudio]
Descriptor: RelationalDescriptor(ucab.dsw.entidades.MedioComunicacion --&gt; [DatabaseTable(medio_comunicacion)])

Exception [EclipseLink-48] (Eclipse Persistence Services - 2.6.4.v20160829-44060b6): org.eclipse.persistence.exceptions.DescriptorException
Exception Description: Multiple writable mappings exist for the field [tipo.Id].  Only one may be defined as writable, all others must be specified read-only.
Mapping: org.eclipse.persistence.mappings.ManyToOneMapping[_producto]
Descriptor: RelationalDescriptor(ucab.dsw.entidades.Tipo --&gt; [DatabaseTable(tipo)])

Exception [EclipseLink-48] (Eclipse Persistence Services - 2.6.4.v20160829-44060b6): org.eclipse.persistence.exceptions.DescriptorException
Exception Description: Multiple writable mappings exist for the field [informacion.Id].  Only one may be defined as writable, all others must be specified read-only.
Mapping: org.eclipse.persistence.mappings.ManyToOneMapping[_lugar]
Descriptor: RelationalDescriptor(ucab.dsw.entidades.Informacion --&gt; [DatabaseTable(informacion)])

Exception [EclipseLink-48] (Eclipse Persistence Services - 2.6.4.v20160829-44060b6): org.eclipse.persistence.exceptions.DescriptorException
Exception Description: Multiple writable mappings exist for the field [informacion.Id].  Only one may be defined as writable, all others must be specified read-only.
Mapping: org.eclipse.persistence.mappings.ManyToOneMapping[_nivelAcademico]
Descriptor: RelationalDescriptor(ucab.dsw.entidades.Informacion --&gt; [DatabaseTable(informacion)])

Exception [EclipseLink-48] (Eclipse Persistence Services - 2.6.4.v20160829-44060b6): org.eclipse.persistence.exceptions.DescriptorException
Exception Description: Multiple writable mappings exist for the field [informacion.Id].  Only one may be defined as writable, all others must be specified read-only.
Mapping: org.eclipse.persistence.mappings.ManyToOneMapping[_nivelEconomico]
Descriptor: RelationalDescriptor(ucab.dsw.entidades.Informacion --&gt; [DatabaseTable(informacion)])

Exception [EclipseLink-48] (Eclipse Persistence Services - 2.6.4.v20160829-44060b6): org.eclipse.persistence.exceptions.DescriptorException
Exception Description: Multiple writable mappings exist for the field [informacion.Id].  Only one may be defined as writable, all others must be specified read-only.
Mapping: org.eclipse.persistence.mappings.ManyToOneMapping[_ocupacion]
Descriptor: RelationalDescriptor(ucab.dsw.entidades.Informacion --&gt; [DatabaseTable(informacion)])

Exception [EclipseLink-48] (Eclipse Persistence Services - 2.6.4.v20160829-44060b6): org.eclipse.persistence.exceptions.DescriptorException
Exception Description: Multiple writable mappings exist for the field [pregunta_encuesta.Id].  Only one may be defined as writable, all others must be specified read-only.
Mapping: org.eclipse.persistence.mappings.ManyToOneMapping[_subcategoria]
Descriptor: RelationalDescriptor(ucab.dsw.entidades.PreguntaEncuesta --&gt; [DatabaseTable(pregunta_encuesta)])

Exception [EclipseLink-48] (Eclipse Persistence Services - 2.6.4.v20160829-44060b6): org.eclipse.persistence.exceptions.DescriptorException
Exception Description: Multiple writable mappings exist for the field [pregunta_encuesta.Id].  Only one may be defined as writable, all others must be specified read-only.
Mapping: org.eclipse.persistence.mappings.ManyToOneMapping[_usuario]
Descriptor: RelationalDescriptor(ucab.dsw.entidades.PreguntaEncuesta --&gt; [DatabaseTable(pregunta_encuesta)])

Exception [EclipseLink-48] (Eclipse Persistence Services - 2.6.4.v20160829-44060b6): org.eclipse.persistence.exceptions.DescriptorException
Exception Description: Multiple writable mappings exist for the field [estudio.Id].  Only one may be defined as writable, all others must be specified read-only.
Mapping: org.eclipse.persistence.mappings.ManyToOneMapping[_solicitudEstudio]
Descriptor: RelationalDescriptor(ucab.dsw.entidades.Estudio --&gt; [DatabaseTable(estudio)])

Exception [EclipseLink-48] (Eclipse Persistence Services - 2.6.4.v20160829-44060b6): org.eclipse.persistence.exceptions.DescriptorException
Exception Description: Multiple writable mappings exist for the field [estudio.Id].  Only one may be defined as writable, all others must be specified read-only.
Mapping: org.eclipse.persistence.mappings.ManyToOneMapping[_usuario]
Descriptor: RelationalDescriptor(ucab.dsw.entidades.Estudio --&gt; [DatabaseTable(estudio)])

Exception [EclipseLink-48] (Eclipse Persistence Services - 2.6.4.v20160829-44060b6): org.eclipse.persistence.exceptions.DescriptorException
Exception Description: Multiple writable mappings exist for the field [telefono.Id].  Only one may be defined as writable, all others must be specified read-only.
Mapping: org.eclipse.persistence.mappings.ManyToOneMapping[_informacion]
Descriptor: RelationalDescriptor(ucab.dsw.entidades.Telefono --&gt; [DatabaseTable(telefono)])

Exception [EclipseLink-48] (Eclipse Persistence Services - 2.6.4.v20160829-44060b6): org.eclipse.persistence.exceptions.DescriptorException
Exception Description: Multiple writable mappings exist for the field [subcategoria.Id].  Only one may be defined as writable, all others must be specified read-only.
Mapping: org.eclipse.persistence.mappings.ManyToOneMapping[_categoria]
Descriptor: RelationalDescriptor(ucab.dsw.entidades.Subcategoria --&gt; [DatabaseTable(subcategoria)])

Exception [EclipseLink-48] (Eclipse Persistence Services - 2.6.4.v20160829-44060b6): org.eclipse.persistence.exceptions.DescriptorException
Exception Description: Multiple writable mappings exist for the field [producto.Id].  Only one may be defined as writable, all others must be specified read-only.
Mapping: org.eclipse.persistence.mappings.ManyToOneMapping[_marca]
Descriptor: RelationalDescriptor(ucab.dsw.entidades.Producto --&gt; [DatabaseTable(producto)])

Exception [EclipseLink-48] (Eclipse Persistence Services - 2.6.4.v20160829-44060b6): org.eclipse.persistence.exceptions.DescriptorException
Exception Description: Multiple writable mappings exist for the field [producto.Id].  Only one may be defined as writable, all others must be specified read-only.
Mapping: org.eclipse.persistence.mappings.ManyToOneMapping[_subcategoria]
Descriptor: RelationalDescriptor(ucab.dsw.entidades.Producto --&gt; [DatabaseTable(producto)])

Exception [EclipseLink-48] (Eclipse Persistence Services - 2.6.4.v20160829-44060b6): org.eclipse.persistence.exceptions.DescriptorException
Exception Description: Multiple writable mappings exist for the field [producto.Id].  Only one may be defined as writable, all others must be specified read-only.
Mapping: org.eclipse.persistence.mappings.ManyToOneMapping[_usuario]
Descriptor: RelationalDescriptor(ucab.dsw.entidades.Producto --&gt; [DatabaseTable(producto)])

Exception [EclipseLink-48] (Eclipse Persistence Services - 2.6.4.v20160829-44060b6): org.eclipse.persistence.exceptions.DescriptorException
Exception Description: Multiple writable mappings exist for the field [usuario.Id].  Only one may be defined as writable, all others must be specified read-only.
Mapping: org.eclipse.persistence.mappings.ManyToOneMapping[_rol]
Descriptor: RelationalDescriptor(ucab.dsw.entidades.Usuario --&gt; [DatabaseTable(usuario)])

Exception [EclipseLink-48] (Eclipse Persistence Services - 2.6.4.v20160829-44060b6): org.eclipse.persistence.exceptions.DescriptorException
Exception Description: Multiple writable mappings exist for the field [usuario.Id].  Only one may be defined as writable, all others must be specified read-only.
Mapping: org.eclipse.persistence.mappings.OneToOneMapping[_informacion]
Descriptor: RelationalDescriptor(ucab.dsw.entidades.Usuario --&gt; [DatabaseTable(usuario)])

Runtime Exceptions: 
---------------------------------------------------------

	at org.eclipse.persistence.exceptions.EntityManagerSetupException.deployFailed(EntityManagerSetupException.java:239)
	... 41 more
Caused by: Exception [EclipseLink-0] (Eclipse Persistence Services - 2.6.4.v20160829-44060b6): org.eclipse.persistence.exceptions.IntegrityException
Descriptor Exceptions: 
---------------------------------------------------------

Exception [EclipseLink-48] (Eclipse Persistence Services - 2.6.4.v20160829-44060b6): org.eclipse.persistence.exceptions.DescriptorException
Exception Description: Multiple writable mappings exist for the field [hijo.Id].  Only one may be defined as writable, all others must be specified read-only.
Mapping: org.eclipse.persistence.mappings.ManyToOneMapping[_informacion]
Descriptor: RelationalDescriptor(ucab.dsw.entidades.Hijo --&gt; [DatabaseTable(hijo)])

Exception [EclipseLink-48] (Eclipse Persistence Services - 2.6.4.v20160829-44060b6): org.eclipse.persistence.exceptions.DescriptorException
Exception Description: Multiple writable mappings exist for the field [lugar.Id].  Only one may be defined as writable, all others must be specified read-only.
Mapping: org.eclipse.persistence.mappings.ManyToOneMapping[_lugar]
Descriptor: RelationalDescriptor(ucab.dsw.entidades.Lugar --&gt; [DatabaseTable(lugar)])

Exception [EclipseLink-48] (Eclipse Persistence Services - 2.6.4.v20160829-44060b6): org.eclipse.persistence.exceptions.DescriptorException
Exception Description: Multiple writable mappings exist for the field [preguntas_estudio.Id].  Only one may be defined as writable, all others must be specified read-only.
Mapping: org.eclipse.persistence.mappings.ManyToOneMapping[_estudio]
Descriptor: RelationalDescriptor(ucab.dsw.entidades.PreguntaEstudio --&gt; [DatabaseTable(preguntas_estudio)])

Exception [EclipseLink-48] (Eclipse Persistence Services - 2.6.4.v20160829-44060b6): org.eclipse.persistence.exceptions.DescriptorException
Exception Description: Multiple writable mappings exist for the field [preguntas_estudio.Id].  Only one may be defined as writable, all others must be specified read-only.
Mapping: org.eclipse.persistence.mappings.ManyToOneMapping[_preguntaEncuesta]
Descriptor: RelationalDescriptor(ucab.dsw.entidades.PreguntaEstudio --&gt; [DatabaseTable(preguntas_estudio)])

Exception [EclipseLink-48] (Eclipse Persistence Services - 2.6.4.v20160829-44060b6): org.eclipse.persistence.exceptions.DescriptorException
Exception Description: Multiple writable mappings exist for the field [historico_estado.Id].  Only one may be defined as writable, all others must be specified read-only.
Mapping: org.eclipse.persistence.mappings.ManyToOneMapping[_usuario]
Descriptor: RelationalDescriptor(ucab.dsw.entidades.HistoricoEstado --&gt; [DatabaseTable(historico_estado)])

Exception [EclipseLink-48] (Eclipse Persistence Services - 2.6.4.v20160829-44060b6): org.eclipse.persistence.exceptions.DescriptorException
Exception Description: Multiple writable mappings exist for the field [respuesta.Id].  Only one may be defined as writable, all others must be specified read-only.
Mapping: org.eclipse.persistence.mappings.ManyToOneMapping[_preguntaEstudio]
Descriptor: RelationalDescriptor(ucab.dsw.entidades.Respuesta --&gt; [DatabaseTable(respuesta)])

Exception [EclipseLink-48] (Eclipse Persistence Services - 2.6.4.v20160829-44060b6): org.eclipse.persistence.exceptions.DescriptorException
Exception Description: Multiple writable mappings exist for the field [respuesta.Id].  Only one may be defined as writable, all others must be specified read-only.
Mapping: org.eclipse.persistence.mappings.ManyToOneMapping[_usuario]
Descriptor: RelationalDescriptor(ucab.dsw.entidades.Respuesta --&gt; [DatabaseTable(respuesta)])

Exception [EclipseLink-48] (Eclipse Persistence Services - 2.6.4.v20160829-44060b6): org.eclipse.persistence.exceptions.DescriptorException
Exception Description: Multiple writable mappings exist for the field [respuesta_pregunta.Id].  Only one may be defined as writable, all others must be specified read-only.
Mapping: org.eclipse.persistence.mappings.ManyToOneMapping[_preguntaEncuesta]
Descriptor: RelationalDescriptor(ucab.dsw.entidades.RespuestaPregunta --&gt; [DatabaseTable(respuesta_pregunta)])

Exception [EclipseLink-48] (Eclipse Persistence Services - 2.6.4.v20160829-44060b6): org.eclipse.persistence.exceptions.DescriptorException
Exception Description: Multiple writable mappings exist for the field [solicitud_estudio.Id].  Only one may be defined as writable, all others must be specified read-only.
Mapping: org.eclipse.persistence.mappings.ManyToOneMapping[_nivelEconomico]
Descriptor: RelationalDescriptor(ucab.dsw.entidades.SolicitudEstudio --&gt; [DatabaseTable(solicitud_estudio)])

Exception [EclipseLink-48] (Eclipse Persistence Services - 2.6.4.v20160829-44060b6): org.eclipse.persistence.exceptions.DescriptorException
Exception Description: Multiple writable mappings exist for the field [solicitud_estudio.Id].  Only one may be defined as writable, all others must be specified read-only.
Mapping: org.eclipse.persistence.mappings.ManyToOneMapping[_producto]
Descriptor: RelationalDescriptor(ucab.dsw.entidades.SolicitudEstudio --&gt; [DatabaseTable(solicitud_estudio)])

Exception [EclipseLink-48] (Eclipse Persistence Services - 2.6.4.v20160829-44060b6): org.eclipse.persistence.exceptions.DescriptorException
Exception Description: Multiple writable mappings exist for the field [solicitud_estudio.Id].  Only one may be defined as writable, all others must be specified read-only.
Mapping: org.eclipse.persistence.mappings.ManyToOneMapping[_usuario]
Descriptor: RelationalDescriptor(ucab.dsw.entidades.SolicitudEstudio --&gt; [DatabaseTable(solicitud_estudio)])

Exception [EclipseLink-48] (Eclipse Persistence Services - 2.6.4.v20160829-44060b6): org.eclipse.persistence.exceptions.DescriptorException
Exception Description: Multiple writable mappings exist for the field [presentacion.Id].  Only one may be defined as writable, all others must be specified read-only.
Mapping: org.eclipse.persistence.mappings.ManyToOneMapping[_producto]
Descriptor: RelationalDescriptor(ucab.dsw.entidades.Presentacion --&gt; [DatabaseTable(presentacion)])

Exception [EclipseLink-48] (Eclipse Persistence Services - 2.6.4.v20160829-44060b6): org.eclipse.persistence.exceptions.DescriptorException
Exception Description: Multiple writable mappings exist for the field [medio_comunicacion.Id].  Only one may be defined as writable, all others must be specified read-only.
Mapping: org.eclipse.persistence.mappings.ManyToOneMapping[_informacion]
Descriptor: RelationalDescriptor(ucab.dsw.entidades.MedioComunicacion --&gt; [DatabaseTable(medio_comunicacion)])

Exception [EclipseLink-48] (Eclipse Persistence Services - 2.6.4.v20160829-44060b6): org.eclipse.persistence.exceptions.DescriptorException
Exception Description: Multiple writable mappings exist for the field [medio_comunicacion.Id].  Only one may be defined as writable, all others must be specified read-only.
Mapping: org.eclipse.persistence.mappings.ManyToOneMapping[_solicitudEstudio]
Descriptor: RelationalDescriptor(ucab.dsw.entidades.MedioComunicacion --&gt; [DatabaseTable(medio_comunicacion)])

Exception [EclipseLink-48] (Eclipse Persistence Services - 2.6.4.v20160829-44060b6): org.eclipse.persistence.exceptions.DescriptorException
Exception Description: Multiple writable mappings exist for the field [tipo.Id].  Only one may be defined as writable, all others must be specified read-only.
Mapping: org.eclipse.persistence.mappings.ManyToOneMapping[_producto]
Descriptor: RelationalDescriptor(ucab.dsw.entidades.Tipo --&gt; [DatabaseTable(tipo)])

Exception [EclipseLink-48] (Eclipse Persistence Services - 2.6.4.v20160829-44060b6): org.eclipse.persistence.exceptions.DescriptorException
Exception Description: Multiple writable mappings exist for the field [informacion.Id].  Only one may be defined as writable, all others must be specified read-only.
Mapping: org.eclipse.persistence.mappings.ManyToOneMapping[_lugar]
Descriptor: RelationalDescriptor(ucab.dsw.entidades.Informacion --&gt; [DatabaseTable(informacion)])

Exception [EclipseLink-48] (Eclipse Persistence Services - 2.6.4.v20160829-44060b6): org.eclipse.persistence.exceptions.DescriptorException
Exception Description: Multiple writable mappings exist for the field [informacion.Id].  Only one may be defined as writable, all others must be specified read-only.
Mapping: org.eclipse.persistence.mappings.ManyToOneMapping[_nivelAcademico]
Descriptor: RelationalDescriptor(ucab.dsw.entidades.Informacion --&gt; [DatabaseTable(informacion)])

Exception [EclipseLink-48] (Eclipse Persistence Services - 2.6.4.v20160829-44060b6): org.eclipse.persistence.exceptions.DescriptorException
Exception Description: Multiple writable mappings exist for the field [informacion.Id].  Only one may be defined as writable, all others must be specified read-only.
Mapping: org.eclipse.persistence.mappings.ManyToOneMapping[_nivelEconomico]
Descriptor: RelationalDescriptor(ucab.dsw.entidades.Informacion --&gt; [DatabaseTable(informacion)])

Exception [EclipseLink-48] (Eclipse Persistence Services - 2.6.4.v20160829-44060b6): org.eclipse.persistence.exceptions.DescriptorException
Exception Description: Multiple writable mappings exist for the field [informacion.Id].  Only one may be defined as writable, all others must be specified read-only.
Mapping: org.eclipse.persistence.mappings.ManyToOneMapping[_ocupacion]
Descriptor: RelationalDescriptor(ucab.dsw.entidades.Informacion --&gt; [DatabaseTable(informacion)])

Exception [EclipseLink-48] (Eclipse Persistence Services - 2.6.4.v20160829-44060b6): org.eclipse.persistence.exceptions.DescriptorException
Exception Description: Multiple writable mappings exist for the field [pregunta_encuesta.Id].  Only one may be defined as writable, all others must be specified read-only.
Mapping: org.eclipse.persistence.mappings.ManyToOneMapping[_subcategoria]
Descriptor: RelationalDescriptor(ucab.dsw.entidades.PreguntaEncuesta --&gt; [DatabaseTable(pregunta_encuesta)])

Exception [EclipseLink-48] (Eclipse Persistence Services - 2.6.4.v20160829-44060b6): org.eclipse.persistence.exceptions.DescriptorException
Exception Description: Multiple writable mappings exist for the field [pregunta_encuesta.Id].  Only one may be defined as writable, all others must be specified read-only.
Mapping: org.eclipse.persistence.mappings.ManyToOneMapping[_usuario]
Descriptor: RelationalDescriptor(ucab.dsw.entidades.PreguntaEncuesta --&gt; [DatabaseTable(pregunta_encuesta)])

Exception [EclipseLink-48] (Eclipse Persistence Services - 2.6.4.v20160829-44060b6): org.eclipse.persistence.exceptions.DescriptorException
Exception Description: Multiple writable mappings exist for the field [estudio.Id].  Only one may be defined as writable, all others must be specified read-only.
Mapping: org.eclipse.persistence.mappings.ManyToOneMapping[_solicitudEstudio]
Descriptor: RelationalDescriptor(ucab.dsw.entidades.Estudio --&gt; [DatabaseTable(estudio)])

Exception [EclipseLink-48] (Eclipse Persistence Services - 2.6.4.v20160829-44060b6): org.eclipse.persistence.exceptions.DescriptorException
Exception Description: Multiple writable mappings exist for the field [estudio.Id].  Only one may be defined as writable, all others must be specified read-only.
Mapping: org.eclipse.persistence.mappings.ManyToOneMapping[_usuario]
Descriptor: RelationalDescriptor(ucab.dsw.entidades.Estudio --&gt; [DatabaseTable(estudio)])

Exception [EclipseLink-48] (Eclipse Persistence Services - 2.6.4.v20160829-44060b6): org.eclipse.persistence.exceptions.DescriptorException
Exception Description: Multiple writable mappings exist for the field [telefono.Id].  Only one may be defined as writable, all others must be specified read-only.
Mapping: org.eclipse.persistence.mappings.ManyToOneMapping[_informacion]
Descriptor: RelationalDescriptor(ucab.dsw.entidades.Telefono --&gt; [DatabaseTable(telefono)])

Exception [EclipseLink-48] (Eclipse Persistence Services - 2.6.4.v20160829-44060b6): org.eclipse.persistence.exceptions.DescriptorException
Exception Description: Multiple writable mappings exist for the field [subcategoria.Id].  Only one may be defined as writable, all others must be specified read-only.
Mapping: org.eclipse.persistence.mappings.ManyToOneMapping[_categoria]
Descriptor: RelationalDescriptor(ucab.dsw.entidades.Subcategoria --&gt; [DatabaseTable(subcategoria)])

Exception [EclipseLink-48] (Eclipse Persistence Services - 2.6.4.v20160829-44060b6): org.eclipse.persistence.exceptions.DescriptorException
Exception Description: Multiple writable mappings exist for the field [producto.Id].  Only one may be defined as writable, all others must be specified read-only.
Mapping: org.eclipse.persistence.mappings.ManyToOneMapping[_marca]
Descriptor: RelationalDescriptor(ucab.dsw.entidades.Producto --&gt; [DatabaseTable(producto)])

Exception [EclipseLink-48] (Eclipse Persistence Services - 2.6.4.v20160829-44060b6): org.eclipse.persistence.exceptions.DescriptorException
Exception Description: Multiple writable mappings exist for the field [producto.Id].  Only one may be defined as writable, all others must be specified read-only.
Mapping: org.eclipse.persistence.mappings.ManyToOneMapping[_subcategoria]
Descriptor: RelationalDescriptor(ucab.dsw.entidades.Producto --&gt; [DatabaseTable(producto)])

Exception [EclipseLink-48] (Eclipse Persistence Services - 2.6.4.v20160829-44060b6): org.eclipse.persistence.exceptions.DescriptorException
Exception Description: Multiple writable mappings exist for the field [producto.Id].  Only one may be defined as writable, all others must be specified read-only.
Mapping: org.eclipse.persistence.mappings.ManyToOneMapping[_usuario]
Descriptor: RelationalDescriptor(ucab.dsw.entidades.Producto --&gt; [DatabaseTable(producto)])

Exception [EclipseLink-48] (Eclipse Persistence Services - 2.6.4.v20160829-44060b6): org.eclipse.persistence.exceptions.DescriptorException
Exception Description: Multiple writable mappings exist for the field [usuario.Id].  Only one may be defined as writable, all others must be specified read-only.
Mapping: org.eclipse.persistence.mappings.ManyToOneMapping[_rol]
Descriptor: RelationalDescriptor(ucab.dsw.entidades.Usuario --&gt; [DatabaseTable(usuario)])

Exception [EclipseLink-48] (Eclipse Persistence Services - 2.6.4.v20160829-44060b6): org.eclipse.persistence.exceptions.DescriptorException
Exception Description: Multiple writable mappings exist for the field [usuario.Id].  Only one may be defined as writable, all others must be specified read-only.
Mapping: org.eclipse.persistence.mappings.OneToOneMapping[_informacion]
Descriptor: RelationalDescriptor(ucab.dsw.entidades.Usuario --&gt; [DatabaseTable(usuario)])

Runtime Exceptions: 
---------------------------------------------------------

	at org.eclipse.persistence.internal.sessions.DatabaseSessionImpl.initializeDescriptors(DatabaseSessionImpl.java:715)
	at org.eclipse.persistence.internal.sessions.DatabaseSessionImpl.initializeDescriptors(DatabaseSessionImpl.java:651)
	at org.eclipse.persistence.internal.sessions.DatabaseSessionImpl.initializeDescriptors(DatabaseSessionImpl.java:582)
	at org.eclipse.persistence.internal.sessions.DatabaseSessionImpl.postConnectDatasource(DatabaseSessionImpl.java:818)
	at org.eclipse.persistence.internal.sessions.DatabaseSessionImpl.loginAndDetectDatasource(DatabaseSessionImpl.java:762)
	at org.eclipse.persistence.internal.jpa.EntityManagerFactoryProvider.login(EntityManagerFactoryProvider.java:265)
	at org.eclipse.persistence.internal.jpa.EntityManagerSetupImpl.deploy(EntityManagerSetupImpl.java:731)
	... 39 more
</error>
    <system-out>[EL Fine]: server: 2020-12-02 12:42:35.139--Thread(Thread[main,5,main])--Configured server platform: org.eclipse.persistence.platform.server.NoServerPlatform
[EL Config]: metadata: 2020-12-02 12:42:35.487--ServerSession(1048027629)--Thread(Thread[main,5,main])--The access type for the persistent class [class ucab.dsw.entidades.EntidadBase] is set to [FIELD].
[EL Config]: metadata: 2020-12-02 12:42:35.535--ServerSession(1048027629)--Thread(Thread[main,5,main])--The access type for the persistent class [class ucab.dsw.entidades.Marca] is set to [FIELD].
[EL Config]: metadata: 2020-12-02 12:42:35.55--ServerSession(1048027629)--Thread(Thread[main,5,main])--The target entity (reference) class for the one to many mapping element [field _productos] is being defaulted to: class ucab.dsw.entidades.Producto.
[EL Config]: metadata: 2020-12-02 12:42:35.551--ServerSession(1048027629)--Thread(Thread[main,5,main])--The access type for the persistent class [class ucab.dsw.entidades.NivelEconomico] is set to [FIELD].
[EL Config]: metadata: 2020-12-02 12:42:35.552--ServerSession(1048027629)--Thread(Thread[main,5,main])--The target entity (reference) class for the one to many mapping element [field _informaciones] is being defaulted to: class ucab.dsw.entidades.Informacion.
[EL Config]: metadata: 2020-12-02 12:42:35.552--ServerSession(1048027629)--Thread(Thread[main,5,main])--The target entity (reference) class for the one to many mapping element [field _solicitudEstudio] is being defaulted to: class ucab.dsw.entidades.SolicitudEstudio.
[EL Config]: metadata: 2020-12-02 12:42:35.553--ServerSession(1048027629)--Thread(Thread[main,5,main])--The access type for the persistent class [class ucab.dsw.entidades.Informacion] is set to [FIELD].
[EL Config]: metadata: 2020-12-02 12:42:35.556--ServerSession(1048027629)--Thread(Thread[main,5,main])--The target entity (reference) class for the many to one mapping element [field _nivelAcademico] is being defaulted to: class ucab.dsw.entidades.NivelAcademico.
[EL Config]: metadata: 2020-12-02 12:42:35.557--ServerSession(1048027629)--Thread(Thread[main,5,main])--The target entity (reference) class for the one to many mapping element [field _telefonos] is being defaulted to: class ucab.dsw.entidades.Telefono.
[EL Config]: metadata: 2020-12-02 12:42:35.558--ServerSession(1048027629)--Thread(Thread[main,5,main])--The target entity (reference) class for the many to one mapping element [field _ocupacion] is being defaulted to: class ucab.dsw.entidades.Ocupacion.
[EL Config]: metadata: 2020-12-02 12:42:35.558--ServerSession(1048027629)--Thread(Thread[main,5,main])--The target entity (reference) class for the one to many mapping element [field _medioComunicaciones] is being defaulted to: class ucab.dsw.entidades.MedioComunicacion.
[EL Config]: metadata: 2020-12-02 12:42:35.558--ServerSession(1048027629)--Thread(Thread[main,5,main])--The target entity (reference) class for the one to many mapping element [field _hijos] is being defaulted to: class ucab.dsw.entidades.Hijo.
[EL Config]: metadata: 2020-12-02 12:42:35.559--ServerSession(1048027629)--Thread(Thread[main,5,main])--The target entity (reference) class for the one to one mapping element [field _usuario] is being defaulted to: class ucab.dsw.entidades.Usuario.
[EL Config]: metadata: 2020-12-02 12:42:35.56--ServerSession(1048027629)--Thread(Thread[main,5,main])--The target entity (reference) class for the many to one mapping element [field _lugar] is being defaulted to: class ucab.dsw.entidades.Lugar.
[EL Config]: metadata: 2020-12-02 12:42:35.56--ServerSession(1048027629)--Thread(Thread[main,5,main])--The target entity (reference) class for the many to one mapping element [field _nivelEconomico] is being defaulted to: class ucab.dsw.entidades.NivelEconomico.
[EL Config]: metadata: 2020-12-02 12:42:35.561--ServerSession(1048027629)--Thread(Thread[main,5,main])--The access type for the persistent class [class ucab.dsw.entidades.HistoricoEstado] is set to [FIELD].
[EL Config]: metadata: 2020-12-02 12:42:35.561--ServerSession(1048027629)--Thread(Thread[main,5,main])--The target entity (reference) class for the many to one mapping element [field _usuario] is being defaulted to: class ucab.dsw.entidades.Usuario.
[EL Config]: metadata: 2020-12-02 12:42:35.562--ServerSession(1048027629)--Thread(Thread[main,5,main])--The access type for the persistent class [class ucab.dsw.entidades.SolicitudEstudio] is set to [FIELD].
[EL Config]: metadata: 2020-12-02 12:42:35.562--ServerSession(1048027629)--Thread(Thread[main,5,main])--The target entity (reference) class for the many to one mapping element [field _nivelEconomico] is being defaulted to: class ucab.dsw.entidades.NivelEconomico.
[EL Config]: metadata: 2020-12-02 12:42:35.563--ServerSession(1048027629)--Thread(Thread[main,5,main])--The target entity (reference) class for the many to one mapping element [field _usuario] is being defaulted to: class ucab.dsw.entidades.Usuario.
[EL Config]: metadata: 2020-12-02 12:42:35.564--ServerSession(1048027629)--Thread(Thread[main,5,main])--The target entity (reference) class for the one to many mapping element [field _mediosComunicaciones] is being defaulted to: class ucab.dsw.entidades.MedioComunicacion.
[EL Config]: metadata: 2020-12-02 12:42:35.564--ServerSession(1048027629)--Thread(Thread[main,5,main])--The target entity (reference) class for the one to many mapping element [field _estudios] is being defaulted to: class ucab.dsw.entidades.Estudio.
[EL Config]: metadata: 2020-12-02 12:42:35.565--ServerSession(1048027629)--Thread(Thread[main,5,main])--The target entity (reference) class for the many to one mapping element [field _producto] is being defaulted to: class ucab.dsw.entidades.Producto.
[EL Config]: metadata: 2020-12-02 12:42:35.565--ServerSession(1048027629)--Thread(Thread[main,5,main])--The access type for the persistent class [class ucab.dsw.entidades.Lugar] is set to [FIELD].
[EL Config]: metadata: 2020-12-02 12:42:35.566--ServerSession(1048027629)--Thread(Thread[main,5,main])--The target entity (reference) class for the many to one mapping element [field _lugar] is being defaulted to: class ucab.dsw.entidades.Lugar.
[EL Config]: metadata: 2020-12-02 12:42:35.566--ServerSession(1048027629)--Thread(Thread[main,5,main])--The target entity (reference) class for the one to many mapping element [field _informaciones] is being defaulted to: class ucab.dsw.entidades.Informacion.
[EL Config]: metadata: 2020-12-02 12:42:35.566--ServerSession(1048027629)--Thread(Thread[main,5,main])--The target entity (reference) class for the one to many mapping element [field _lugares] is being defaulted to: class ucab.dsw.entidades.Lugar.
[EL Config]: metadata: 2020-12-02 12:42:35.567--ServerSession(1048027629)--Thread(Thread[main,5,main])--The access type for the persistent class [class ucab.dsw.entidades.Estudio] is set to [FIELD].
[EL Config]: metadata: 2020-12-02 12:42:35.568--ServerSession(1048027629)--Thread(Thread[main,5,main])--The target entity (reference) class for the many to one mapping element [field _usuario] is being defaulted to: class ucab.dsw.entidades.Usuario.
[EL Config]: metadata: 2020-12-02 12:42:35.568--ServerSession(1048027629)--Thread(Thread[main,5,main])--The target entity (reference) class for the many to one mapping element [field _solicitudEstudio] is being defaulted to: class ucab.dsw.entidades.SolicitudEstudio.
[EL Config]: metadata: 2020-12-02 12:42:35.569--ServerSession(1048027629)--Thread(Thread[main,5,main])--The target entity (reference) class for the one to many mapping element [field _preguntasEstudios] is being defaulted to: class ucab.dsw.entidades.PreguntaEstudio.
[EL Config]: metadata: 2020-12-02 12:42:35.569--ServerSession(1048027629)--Thread(Thread[main,5,main])--The access type for the persistent class [class ucab.dsw.entidades.NivelAcademico] is set to [FIELD].
[EL Config]: metadata: 2020-12-02 12:42:35.57--ServerSession(1048027629)--Thread(Thread[main,5,main])--The target entity (reference) class for the one to many mapping element [field _informaciones] is being defaulted to: class ucab.dsw.entidades.Informacion.
[EL Config]: metadata: 2020-12-02 12:42:35.571--ServerSession(1048027629)--Thread(Thread[main,5,main])--The access type for the persistent class [class ucab.dsw.entidades.Ocupacion] is set to [FIELD].
[EL Config]: metadata: 2020-12-02 12:42:35.571--ServerSession(1048027629)--Thread(Thread[main,5,main])--The target entity (reference) class for the one to many mapping element [field _informaciones] is being defaulted to: class ucab.dsw.entidades.Informacion.
[EL Config]: metadata: 2020-12-02 12:42:35.572--ServerSession(1048027629)--Thread(Thread[main,5,main])--The access type for the persistent class [class ucab.dsw.entidades.Usuario] is set to [FIELD].
[EL Config]: metadata: 2020-12-02 12:42:35.572--ServerSession(1048027629)--Thread(Thread[main,5,main])--The target entity (reference) class for the one to many mapping element [field _historicoEstados] is being defaulted to: class ucab.dsw.entidades.HistoricoEstado.
[EL Config]: metadata: 2020-12-02 12:42:35.572--ServerSession(1048027629)--Thread(Thread[main,5,main])--The target entity (reference) class for the one to many mapping element [field _solicitudEstudios] is being defaulted to: class ucab.dsw.entidades.SolicitudEstudio.
[EL Config]: metadata: 2020-12-02 12:42:35.573--ServerSession(1048027629)--Thread(Thread[main,5,main])--The target entity (reference) class for the one to one mapping element [field _informacion] is being defaulted to: class ucab.dsw.entidades.Informacion.
[EL Config]: metadata: 2020-12-02 12:42:35.573--ServerSession(1048027629)--Thread(Thread[main,5,main])--The target entity (reference) class for the one to many mapping element [field _productos] is being defaulted to: class ucab.dsw.entidades.Producto.
[EL Config]: metadata: 2020-12-02 12:42:35.574--ServerSession(1048027629)--Thread(Thread[main,5,main])--The target entity (reference) class for the many to one mapping element [field _rol] is being defaulted to: class ucab.dsw.entidades.Rol.
[EL Config]: metadata: 2020-12-02 12:42:35.574--ServerSession(1048027629)--Thread(Thread[main,5,main])--The target entity (reference) class for the one to many mapping element [field _estudios] is being defaulted to: class ucab.dsw.entidades.Estudio.
[EL Config]: metadata: 2020-12-02 12:42:35.574--ServerSession(1048027629)--Thread(Thread[main,5,main])--The target entity (reference) class for the one to many mapping element [field _respuestas] is being defaulted to: class ucab.dsw.entidades.Respuesta.
[EL Config]: metadata: 2020-12-02 12:42:35.575--ServerSession(1048027629)--Thread(Thread[main,5,main])--The target entity (reference) class for the one to many mapping element [field _preguntaEncuestas] is being defaulted to: class ucab.dsw.entidades.PreguntaEncuesta.
[EL Config]: metadata: 2020-12-02 12:42:35.575--ServerSession(1048027629)--Thread(Thread[main,5,main])--The access type for the persistent class [class ucab.dsw.entidades.Tipo] is set to [FIELD].
[EL Config]: metadata: 2020-12-02 12:42:35.576--ServerSession(1048027629)--Thread(Thread[main,5,main])--The target entity (reference) class for the many to one mapping element [field _producto] is being defaulted to: class ucab.dsw.entidades.Producto.
[EL Config]: metadata: 2020-12-02 12:42:35.576--ServerSession(1048027629)--Thread(Thread[main,5,main])--The access type for the persistent class [class ucab.dsw.entidades.Producto] is set to [FIELD].
[EL Config]: metadata: 2020-12-02 12:42:35.577--ServerSession(1048027629)--Thread(Thread[main,5,main])--The target entity (reference) class for the one to many mapping element [field _tipos] is being defaulted to: class ucab.dsw.entidades.Tipo.
[EL Config]: metadata: 2020-12-02 12:42:35.577--ServerSession(1048027629)--Thread(Thread[main,5,main])--The target entity (reference) class for the one to many mapping element [field _solicitudEstudios] is being defaulted to: class ucab.dsw.entidades.SolicitudEstudio.
[EL Config]: metadata: 2020-12-02 12:42:35.577--ServerSession(1048027629)--Thread(Thread[main,5,main])--The target entity (reference) class for the many to one mapping element [field _subcategoria] is being defaulted to: class ucab.dsw.entidades.Subcategoria.
[EL Config]: metadata: 2020-12-02 12:42:35.577--ServerSession(1048027629)--Thread(Thread[main,5,main])--The target entity (reference) class for the many to one mapping element [field _marca] is being defaulted to: class ucab.dsw.entidades.Marca.
[EL Config]: metadata: 2020-12-02 12:42:35.578--ServerSession(1048027629)--Thread(Thread[main,5,main])--The target entity (reference) class for the one to many mapping element [field _presentaciones] is being defaulted to: class ucab.dsw.entidades.Presentacion.
[EL Config]: metadata: 2020-12-02 12:42:35.578--ServerSession(1048027629)--Thread(Thread[main,5,main])--The target entity (reference) class for the many to one mapping element [field _usuario] is being defaulted to: class ucab.dsw.entidades.Usuario.
[EL Config]: metadata: 2020-12-02 12:42:35.578--ServerSession(1048027629)--Thread(Thread[main,5,main])--The access type for the persistent class [class ucab.dsw.entidades.PreguntaEncuesta] is set to [FIELD].
[EL Config]: metadata: 2020-12-02 12:42:35.579--ServerSession(1048027629)--Thread(Thread[main,5,main])--The target entity (reference) class for the many to one mapping element [field _subcategoria] is being defaulted to: class ucab.dsw.entidades.Subcategoria.
[EL Config]: metadata: 2020-12-02 12:42:35.579--ServerSession(1048027629)--Thread(Thread[main,5,main])--The target entity (reference) class for the one to many mapping element [field _respuestaPreguntas] is being defaulted to: class ucab.dsw.entidades.RespuestaPregunta.
[EL Config]: metadata: 2020-12-02 12:42:35.58--ServerSession(1048027629)--Thread(Thread[main,5,main])--The target entity (reference) class for the many to one mapping element [field _usuario] is being defaulted to: class ucab.dsw.entidades.Usuario.
[EL Config]: metadata: 2020-12-02 12:42:35.58--ServerSession(1048027629)--Thread(Thread[main,5,main])--The target entity (reference) class for the one to many mapping element [field _preguntasEstudios] is being defaulted to: class ucab.dsw.entidades.PreguntaEstudio.
[EL Config]: metadata: 2020-12-02 12:42:35.581--ServerSession(1048027629)--Thread(Thread[main,5,main])--The access type for the persistent class [class ucab.dsw.entidades.Respuesta] is set to [FIELD].
[EL Config]: metadata: 2020-12-02 12:42:35.582--ServerSession(1048027629)--Thread(Thread[main,5,main])--The target entity (reference) class for the many to one mapping element [field _preguntaEstudio] is being defaulted to: class ucab.dsw.entidades.PreguntaEstudio.
[EL Config]: metadata: 2020-12-02 12:42:35.582--ServerSession(1048027629)--Thread(Thread[main,5,main])--The target entity (reference) class for the many to one mapping element [field _usuario] is being defaulted to: class ucab.dsw.entidades.Usuario.
[EL Config]: metadata: 2020-12-02 12:42:35.583--ServerSession(1048027629)--Thread(Thread[main,5,main])--The access type for the persistent class [class ucab.dsw.entidades.Presentacion] is set to [FIELD].
[EL Config]: metadata: 2020-12-02 12:42:35.584--ServerSession(1048027629)--Thread(Thread[main,5,main])--The target entity (reference) class for the many to one mapping element [field _producto] is being defaulted to: class ucab.dsw.entidades.Producto.
[EL Config]: metadata: 2020-12-02 12:42:35.584--ServerSession(1048027629)--Thread(Thread[main,5,main])--The access type for the persistent class [class ucab.dsw.entidades.PreguntaEstudio] is set to [FIELD].
[EL Config]: metadata: 2020-12-02 12:42:35.585--ServerSession(1048027629)--Thread(Thread[main,5,main])--The target entity (reference) class for the many to one mapping element [field _estudio] is being defaulted to: class ucab.dsw.entidades.Estudio.
[EL Config]: metadata: 2020-12-02 12:42:35.586--ServerSession(1048027629)--Thread(Thread[main,5,main])--The target entity (reference) class for the one to many mapping element [field _respuestas] is being defaulted to: class ucab.dsw.entidades.Respuesta.
[EL Config]: metadata: 2020-12-02 12:42:35.587--ServerSession(1048027629)--Thread(Thread[main,5,main])--The target entity (reference) class for the many to one mapping element [field _preguntaEncuesta] is being defaulted to: class ucab.dsw.entidades.PreguntaEncuesta.
[EL Config]: metadata: 2020-12-02 12:42:35.588--ServerSession(1048027629)--Thread(Thread[main,5,main])--The access type for the persistent class [class ucab.dsw.entidades.Categoria] is set to [FIELD].
[EL Config]: metadata: 2020-12-02 12:42:35.589--ServerSession(1048027629)--Thread(Thread[main,5,main])--The target entity (reference) class for the one to many mapping element [field _subcategorias] is being defaulted to: class ucab.dsw.entidades.Subcategoria.
[EL Config]: metadata: 2020-12-02 12:42:35.59--ServerSession(1048027629)--Thread(Thread[main,5,main])--The access type for the persistent class [class ucab.dsw.entidades.Telefono] is set to [FIELD].
[EL Config]: metadata: 2020-12-02 12:42:35.59--ServerSession(1048027629)--Thread(Thread[main,5,main])--The target entity (reference) class for the many to one mapping element [field _informacion] is being defaulted to: class ucab.dsw.entidades.Informacion.
[EL Config]: metadata: 2020-12-02 12:42:35.591--ServerSession(1048027629)--Thread(Thread[main,5,main])--The access type for the persistent class [class ucab.dsw.entidades.Rol] is set to [FIELD].
[EL Config]: metadata: 2020-12-02 12:42:35.592--ServerSession(1048027629)--Thread(Thread[main,5,main])--The target entity (reference) class for the one to many mapping element [field _usuarios] is being defaulted to: class ucab.dsw.entidades.Usuario.
[EL Config]: metadata: 2020-12-02 12:42:35.592--ServerSession(1048027629)--Thread(Thread[main,5,main])--The access type for the persistent class [class ucab.dsw.entidades.Hijo] is set to [FIELD].
[EL Config]: metadata: 2020-12-02 12:42:35.593--ServerSession(1048027629)--Thread(Thread[main,5,main])--The target entity (reference) class for the many to one mapping element [field _informacion] is being defaulted to: class ucab.dsw.entidades.Informacion.
[EL Config]: metadata: 2020-12-02 12:42:35.593--ServerSession(1048027629)--Thread(Thread[main,5,main])--The access type for the persistent class [class ucab.dsw.entidades.RespuestaPregunta] is set to [FIELD].
[EL Config]: metadata: 2020-12-02 12:42:35.593--ServerSession(1048027629)--Thread(Thread[main,5,main])--The target entity (reference) class for the many to one mapping element [field _preguntaEncuesta] is being defaulted to: class ucab.dsw.entidades.PreguntaEncuesta.
[EL Config]: metadata: 2020-12-02 12:42:35.594--ServerSession(1048027629)--Thread(Thread[main,5,main])--The access type for the persistent class [class ucab.dsw.entidades.Subcategoria] is set to [FIELD].
[EL Config]: metadata: 2020-12-02 12:42:35.594--ServerSession(1048027629)--Thread(Thread[main,5,main])--The target entity (reference) class for the many to one mapping element [field _categoria] is being defaulted to: class ucab.dsw.entidades.Categoria.
[EL Config]: metadata: 2020-12-02 12:42:35.594--ServerSession(1048027629)--Thread(Thread[main,5,main])--The target entity (reference) class for the one to many mapping element [field _productos] is being defaulted to: class ucab.dsw.entidades.Producto.
[EL Config]: metadata: 2020-12-02 12:42:35.595--ServerSession(1048027629)--Thread(Thread[main,5,main])--The target entity (reference) class for the one to many mapping element [field _preguntasEncuestas] is being defaulted to: class ucab.dsw.entidades.PreguntaEncuesta.
[EL Config]: metadata: 2020-12-02 12:42:35.595--ServerSession(1048027629)--Thread(Thread[main,5,main])--The access type for the persistent class [class ucab.dsw.entidades.MedioComunicacion] is set to [FIELD].
[EL Config]: metadata: 2020-12-02 12:42:35.595--ServerSession(1048027629)--Thread(Thread[main,5,main])--The target entity (reference) class for the many to one mapping element [field _informacion] is being defaulted to: class ucab.dsw.entidades.Informacion.
[EL Config]: metadata: 2020-12-02 12:42:35.595--ServerSession(1048027629)--Thread(Thread[main,5,main])--The target entity (reference) class for the many to one mapping element [field _solicitudEstudio] is being defaulted to: class ucab.dsw.entidades.SolicitudEstudio.
[EL Config]: metadata: 2020-12-02 12:42:35.605--ServerSession(1048027629)--Thread(Thread[main,5,main])--The alias name for the entity class [class ucab.dsw.entidades.Marca] is being defaulted to: Marca.
[EL Config]: metadata: 2020-12-02 12:42:35.631--ServerSession(1048027629)--Thread(Thread[main,5,main])--The alias name for the entity class [class ucab.dsw.entidades.NivelEconomico] is being defaulted to: NivelEconomico.
[EL Config]: metadata: 2020-12-02 12:42:35.631--ServerSession(1048027629)--Thread(Thread[main,5,main])--The alias name for the entity class [class ucab.dsw.entidades.Informacion] is being defaulted to: Informacion.
[EL Config]: metadata: 2020-12-02 12:42:35.636--ServerSession(1048027629)--Thread(Thread[main,5,main])--The alias name for the entity class [class ucab.dsw.entidades.HistoricoEstado] is being defaulted to: HistoricoEstado.
[EL Config]: metadata: 2020-12-02 12:42:35.636--ServerSession(1048027629)--Thread(Thread[main,5,main])--The alias name for the entity class [class ucab.dsw.entidades.SolicitudEstudio] is being defaulted to: SolicitudEstudio.
[EL Config]: metadata: 2020-12-02 12:42:35.636--ServerSession(1048027629)--Thread(Thread[main,5,main])--The alias name for the entity class [class ucab.dsw.entidades.Lugar] is being defaulted to: Lugar.
[EL Config]: metadata: 2020-12-02 12:42:35.637--ServerSession(1048027629)--Thread(Thread[main,5,main])--The alias name for the entity class [class ucab.dsw.entidades.Estudio] is being defaulted to: Estudio.
[EL Config]: metadata: 2020-12-02 12:42:35.638--ServerSession(1048027629)--Thread(Thread[main,5,main])--The alias name for the entity class [class ucab.dsw.entidades.NivelAcademico] is being defaulted to: NivelAcademico.
[EL Config]: metadata: 2020-12-02 12:42:35.639--ServerSession(1048027629)--Thread(Thread[main,5,main])--The alias name for the entity class [class ucab.dsw.entidades.Ocupacion] is being defaulted to: Ocupacion.
[EL Config]: metadata: 2020-12-02 12:42:35.639--ServerSession(1048027629)--Thread(Thread[main,5,main])--The alias name for the entity class [class ucab.dsw.entidades.Usuario] is being defaulted to: Usuario.
[EL Config]: metadata: 2020-12-02 12:42:35.64--ServerSession(1048027629)--Thread(Thread[main,5,main])--The alias name for the entity class [class ucab.dsw.entidades.Tipo] is being defaulted to: Tipo.
[EL Config]: metadata: 2020-12-02 12:42:35.64--ServerSession(1048027629)--Thread(Thread[main,5,main])--The alias name for the entity class [class ucab.dsw.entidades.Producto] is being defaulted to: Producto.
[EL Config]: metadata: 2020-12-02 12:42:35.641--ServerSession(1048027629)--Thread(Thread[main,5,main])--The alias name for the entity class [class ucab.dsw.entidades.PreguntaEncuesta] is being defaulted to: PreguntaEncuesta.
[EL Config]: metadata: 2020-12-02 12:42:35.642--ServerSession(1048027629)--Thread(Thread[main,5,main])--The alias name for the entity class [class ucab.dsw.entidades.Respuesta] is being defaulted to: Respuesta.
[EL Config]: metadata: 2020-12-02 12:42:35.643--ServerSession(1048027629)--Thread(Thread[main,5,main])--The alias name for the entity class [class ucab.dsw.entidades.Presentacion] is being defaulted to: Presentacion.
[EL Config]: metadata: 2020-12-02 12:42:35.643--ServerSession(1048027629)--Thread(Thread[main,5,main])--The alias name for the entity class [class ucab.dsw.entidades.PreguntaEstudio] is being defaulted to: PreguntaEstudio.
[EL Config]: metadata: 2020-12-02 12:42:35.644--ServerSession(1048027629)--Thread(Thread[main,5,main])--The alias name for the entity class [class ucab.dsw.entidades.Categoria] is being defaulted to: Categoria.
[EL Config]: metadata: 2020-12-02 12:42:35.644--ServerSession(1048027629)--Thread(Thread[main,5,main])--The alias name for the entity class [class ucab.dsw.entidades.Telefono] is being defaulted to: Telefono.
[EL Config]: metadata: 2020-12-02 12:42:35.645--ServerSession(1048027629)--Thread(Thread[main,5,main])--The alias name for the entity class [class ucab.dsw.entidades.Rol] is being defaulted to: Rol.
[EL Config]: metadata: 2020-12-02 12:42:35.645--ServerSession(1048027629)--Thread(Thread[main,5,main])--The alias name for the entity class [class ucab.dsw.entidades.Hijo] is being defaulted to: Hijo.
[EL Config]: metadata: 2020-12-02 12:42:35.646--ServerSession(1048027629)--Thread(Thread[main,5,main])--The alias name for the entity class [class ucab.dsw.entidades.RespuestaPregunta] is being defaulted to: RespuestaPregunta.
[EL Config]: metadata: 2020-12-02 12:42:35.646--ServerSession(1048027629)--Thread(Thread[main,5,main])--The alias name for the entity class [class ucab.dsw.entidades.Subcategoria] is being defaulted to: Subcategoria.
[EL Config]: metadata: 2020-12-02 12:42:35.647--ServerSession(1048027629)--Thread(Thread[main,5,main])--The alias name for the entity class [class ucab.dsw.entidades.MedioComunicacion] is being defaulted to: MedioComunicacion.
[EL Config]: metadata: 2020-12-02 12:42:35.667--ServerSession(1048027629)--Thread(Thread[main,5,main])--The primary key column name for the mapping element [field _nivelAcademico] is being defaulted to: Id.
[EL Config]: metadata: 2020-12-02 12:42:35.667--ServerSession(1048027629)--Thread(Thread[main,5,main])--The primary key column name for the mapping element [field _ocupacion] is being defaulted to: Id.
[EL Config]: metadata: 2020-12-02 12:42:35.668--ServerSession(1048027629)--Thread(Thread[main,5,main])--The primary key column name for the mapping element [field _lugar] is being defaulted to: Id.
[EL Config]: metadata: 2020-12-02 12:42:35.668--ServerSession(1048027629)--Thread(Thread[main,5,main])--The primary key column name for the mapping element [field _nivelEconomico] is being defaulted to: Id.
[EL Config]: metadata: 2020-12-02 12:42:35.669--ServerSession(1048027629)--Thread(Thread[main,5,main])--The primary key column name for the mapping element [field _usuario] is being defaulted to: Id.
[EL Config]: metadata: 2020-12-02 12:42:35.669--ServerSession(1048027629)--Thread(Thread[main,5,main])--The primary key column name for the mapping element [field _usuario] is being defaulted to: Id.
[EL Config]: metadata: 2020-12-02 12:42:35.67--ServerSession(1048027629)--Thread(Thread[main,5,main])--The primary key column name for the mapping element [field _producto] is being defaulted to: Id.
[EL Config]: metadata: 2020-12-02 12:42:35.67--ServerSession(1048027629)--Thread(Thread[main,5,main])--The primary key column name for the mapping element [field _nivelEconomico] is being defaulted to: Id.
[EL Config]: metadata: 2020-12-02 12:42:35.671--ServerSession(1048027629)--Thread(Thread[main,5,main])--The primary key column name for the mapping element [field _lugar] is being defaulted to: Id.
[EL Config]: metadata: 2020-12-02 12:42:35.672--ServerSession(1048027629)--Thread(Thread[main,5,main])--The primary key column name for the mapping element [field _usuario] is being defaulted to: Id.
[EL Config]: metadata: 2020-12-02 12:42:35.672--ServerSession(1048027629)--Thread(Thread[main,5,main])--The primary key column name for the mapping element [field _solicitudEstudio] is being defaulted to: Id.
[EL Config]: metadata: 2020-12-02 12:42:35.673--ServerSession(1048027629)--Thread(Thread[main,5,main])--The primary key column name for the mapping element [field _informacion] is being defaulted to: Id.
[EL Config]: metadata: 2020-12-02 12:42:35.673--ServerSession(1048027629)--Thread(Thread[main,5,main])--The primary key column name for the mapping element [field _rol] is being defaulted to: Id.
[EL Config]: metadata: 2020-12-02 12:42:35.674--ServerSession(1048027629)--Thread(Thread[main,5,main])--The primary key column name for the mapping element [field _producto] is being defaulted to: Id.
[EL Config]: metadata: 2020-12-02 12:42:35.674--ServerSession(1048027629)--Thread(Thread[main,5,main])--The primary key column name for the mapping element [field _subcategoria] is being defaulted to: Id.
[EL Config]: metadata: 2020-12-02 12:42:35.675--ServerSession(1048027629)--Thread(Thread[main,5,main])--The primary key column name for the mapping element [field _marca] is being defaulted to: Id.
[EL Config]: metadata: 2020-12-02 12:42:35.675--ServerSession(1048027629)--Thread(Thread[main,5,main])--The primary key column name for the mapping element [field _usuario] is being defaulted to: Id.
[EL Config]: metadata: 2020-12-02 12:42:35.676--ServerSession(1048027629)--Thread(Thread[main,5,main])--The primary key column name for the mapping element [field _subcategoria] is being defaulted to: Id.
[EL Config]: metadata: 2020-12-02 12:42:35.676--ServerSession(1048027629)--Thread(Thread[main,5,main])--The primary key column name for the mapping element [field _usuario] is being defaulted to: Id.
[EL Config]: metadata: 2020-12-02 12:42:35.677--ServerSession(1048027629)--Thread(Thread[main,5,main])--The primary key column name for the mapping element [field _preguntaEstudio] is being defaulted to: Id.
[EL Config]: metadata: 2020-12-02 12:42:35.677--ServerSession(1048027629)--Thread(Thread[main,5,main])--The primary key column name for the mapping element [field _usuario] is being defaulted to: Id.
[EL Config]: metadata: 2020-12-02 12:42:35.678--ServerSession(1048027629)--Thread(Thread[main,5,main])--The primary key column name for the mapping element [field _producto] is being defaulted to: Id.
[EL Config]: metadata: 2020-12-02 12:42:35.678--ServerSession(1048027629)--Thread(Thread[main,5,main])--The primary key column name for the mapping element [field _estudio] is being defaulted to: Id.
[EL Config]: metadata: 2020-12-02 12:42:35.678--ServerSession(1048027629)--Thread(Thread[main,5,main])--The primary key column name for the mapping element [field _preguntaEncuesta] is being defaulted to: Id.
[EL Config]: metadata: 2020-12-02 12:42:35.678--ServerSession(1048027629)--Thread(Thread[main,5,main])--The primary key column name for the mapping element [field _informacion] is being defaulted to: Id.
[EL Config]: metadata: 2020-12-02 12:42:35.678--ServerSession(1048027629)--Thread(Thread[main,5,main])--The primary key column name for the mapping element [field _informacion] is being defaulted to: Id.
[EL Config]: metadata: 2020-12-02 12:42:35.679--ServerSession(1048027629)--Thread(Thread[main,5,main])--The primary key column name for the mapping element [field _preguntaEncuesta] is being defaulted to: Id.
[EL Config]: metadata: 2020-12-02 12:42:35.679--ServerSession(1048027629)--Thread(Thread[main,5,main])--The primary key column name for the mapping element [field _categoria] is being defaulted to: Id.
[EL Config]: metadata: 2020-12-02 12:42:35.679--ServerSession(1048027629)--Thread(Thread[main,5,main])--The primary key column name for the mapping element [field _informacion] is being defaulted to: Id.
[EL Config]: metadata: 2020-12-02 12:42:35.68--ServerSession(1048027629)--Thread(Thread[main,5,main])--The primary key column name for the mapping element [field _solicitudEstudio] is being defaulted to: Id.
[EL Warning]: transaction: 2020-12-02 12:42:36.777--ServerSession(1048027629)--Thread(Thread[main,5,main])--PersistenceUnitInfo mercadeoUcabPU has transactionType RESOURCE_LOCAL and therefore jtaDataSource will be ignored
[EL Info]: 2020-12-02 12:42:36.78--ServerSession(1048027629)--Thread(Thread[main,5,main])--EclipseLink, version: Eclipse Persistence Services - 2.6.4.v20160829-44060b6
[EL Fine]: connection: 2020-12-02 12:42:37.581--Thread(Thread[main,5,main])--Detected database platform: org.eclipse.persistence.platform.database.MySQLPlatform
[EL Config]: connection: 2020-12-02 12:42:37.72--ServerSession(1048027629)--Connection(1848125895)--Thread(Thread[main,5,main])--connecting(DatabaseLogin(
	platform=&gt;MySQLPlatform
	user name=&gt; &quot;root&quot;
	datasource URL=&gt; &quot;jdbc:mysql://localhost:3306/mercadeoucab?zeroDateTimeBehavior=CONVERT_TO_NULL&amp;useSSL=false&amp;useTimezone=true&amp;serverTimezone=UTC&quot;
))
[EL Config]: connection: 2020-12-02 12:42:38.041--ServerSession(1048027629)--Connection(1197251633)--Thread(Thread[main,5,main])--Connected: jdbc:mysql://localhost:3306/mercadeoucab?zeroDateTimeBehavior=CONVERT_TO_NULL&amp;useSSL=false&amp;useTimezone=true&amp;serverTimezone=UTC
	User: root@localhost
	Database: MySQL  Version: 8.0.21
	Driver: MySQL Connector/J  Version: mysql-connector-java-8.0.18 (Revision: fef2894d751d47223192b706977b4a5bc41e6be4)
[EL Warning]: metadata: 2020-12-02 12:42:38.088--ServerSession(1048027629)--Thread(Thread[main,5,main])--Reverting the lazy setting on the OneToOne or ManyToOne attribute [_usuario] for the entity class [class ucab.dsw.entidades.Informacion] since weaving was not enabled or did not occur.
[EL Severe]: 2020-12-02 12:42:38.289--ServerSession(1048027629)--Thread(Thread[main,5,main])--Exception [EclipseLink-0] (Eclipse Persistence Services - 2.6.4.v20160829-44060b6): org.eclipse.persistence.exceptions.IntegrityException
Descriptor Exceptions: 
---------------------------------------------------------

Exception [EclipseLink-48] (Eclipse Persistence Services - 2.6.4.v20160829-44060b6): org.eclipse.persistence.exceptions.DescriptorException
Exception Description: Multiple writable mappings exist for the field [hijo.Id].  Only one may be defined as writable, all others must be specified read-only.
Mapping: org.eclipse.persistence.mappings.ManyToOneMapping[_informacion]
Descriptor: RelationalDescriptor(ucab.dsw.entidades.Hijo --&gt; [DatabaseTable(hijo)])

Exception [EclipseLink-48] (Eclipse Persistence Services - 2.6.4.v20160829-44060b6): org.eclipse.persistence.exceptions.DescriptorException
Exception Description: Multiple writable mappings exist for the field [lugar.Id].  Only one may be defined as writable, all others must be specified read-only.
Mapping: org.eclipse.persistence.mappings.ManyToOneMapping[_lugar]
Descriptor: RelationalDescriptor(ucab.dsw.entidades.Lugar --&gt; [DatabaseTable(lugar)])

Exception [EclipseLink-48] (Eclipse Persistence Services - 2.6.4.v20160829-44060b6): org.eclipse.persistence.exceptions.DescriptorException
Exception Description: Multiple writable mappings exist for the field [preguntas_estudio.Id].  Only one may be defined as writable, all others must be specified read-only.
Mapping: org.eclipse.persistence.mappings.ManyToOneMapping[_estudio]
Descriptor: RelationalDescriptor(ucab.dsw.entidades.PreguntaEstudio --&gt; [DatabaseTable(preguntas_estudio)])

Exception [EclipseLink-48] (Eclipse Persistence Services - 2.6.4.v20160829-44060b6): org.eclipse.persistence.exceptions.DescriptorException
Exception Description: Multiple writable mappings exist for the field [preguntas_estudio.Id].  Only one may be defined as writable, all others must be specified read-only.
Mapping: org.eclipse.persistence.mappings.ManyToOneMapping[_preguntaEncuesta]
Descriptor: RelationalDescriptor(ucab.dsw.entidades.PreguntaEstudio --&gt; [DatabaseTable(preguntas_estudio)])

Exception [EclipseLink-48] (Eclipse Persistence Services - 2.6.4.v20160829-44060b6): org.eclipse.persistence.exceptions.DescriptorException
Exception Description: Multiple writable mappings exist for the field [historico_estado.Id].  Only one may be defined as writable, all others must be specified read-only.
Mapping: org.eclipse.persistence.mappings.ManyToOneMapping[_usuario]
Descriptor: RelationalDescriptor(ucab.dsw.entidades.HistoricoEstado --&gt; [DatabaseTable(historico_estado)])

Exception [EclipseLink-48] (Eclipse Persistence Services - 2.6.4.v20160829-44060b6): org.eclipse.persistence.exceptions.DescriptorException
Exception Description: Multiple writable mappings exist for the field [respuesta.Id].  Only one may be defined as writable, all others must be specified read-only.
Mapping: org.eclipse.persistence.mappings.ManyToOneMapping[_preguntaEstudio]
Descriptor: RelationalDescriptor(ucab.dsw.entidades.Respuesta --&gt; [DatabaseTable(respuesta)])

Exception [EclipseLink-48] (Eclipse Persistence Services - 2.6.4.v20160829-44060b6): org.eclipse.persistence.exceptions.DescriptorException
Exception Description: Multiple writable mappings exist for the field [respuesta.Id].  Only one may be defined as writable, all others must be specified read-only.
Mapping: org.eclipse.persistence.mappings.ManyToOneMapping[_usuario]
Descriptor: RelationalDescriptor(ucab.dsw.entidades.Respuesta --&gt; [DatabaseTable(respuesta)])

Exception [EclipseLink-48] (Eclipse Persistence Services - 2.6.4.v20160829-44060b6): org.eclipse.persistence.exceptions.DescriptorException
Exception Description: Multiple writable mappings exist for the field [respuesta_pregunta.Id].  Only one may be defined as writable, all others must be specified read-only.
Mapping: org.eclipse.persistence.mappings.ManyToOneMapping[_preguntaEncuesta]
Descriptor: RelationalDescriptor(ucab.dsw.entidades.RespuestaPregunta --&gt; [DatabaseTable(respuesta_pregunta)])

Exception [EclipseLink-48] (Eclipse Persistence Services - 2.6.4.v20160829-44060b6): org.eclipse.persistence.exceptions.DescriptorException
Exception Description: Multiple writable mappings exist for the field [solicitud_estudio.Id].  Only one may be defined as writable, all others must be specified read-only.
Mapping: org.eclipse.persistence.mappings.ManyToOneMapping[_nivelEconomico]
Descriptor: RelationalDescriptor(ucab.dsw.entidades.SolicitudEstudio --&gt; [DatabaseTable(solicitud_estudio)])

Exception [EclipseLink-48] (Eclipse Persistence Services - 2.6.4.v20160829-44060b6): org.eclipse.persistence.exceptions.DescriptorException
Exception Description: Multiple writable mappings exist for the field [solicitud_estudio.Id].  Only one may be defined as writable, all others must be specified read-only.
Mapping: org.eclipse.persistence.mappings.ManyToOneMapping[_producto]
Descriptor: RelationalDescriptor(ucab.dsw.entidades.SolicitudEstudio --&gt; [DatabaseTable(solicitud_estudio)])

Exception [EclipseLink-48] (Eclipse Persistence Services - 2.6.4.v20160829-44060b6): org.eclipse.persistence.exceptions.DescriptorException
Exception Description: Multiple writable mappings exist for the field [solicitud_estudio.Id].  Only one may be defined as writable, all others must be specified read-only.
Mapping: org.eclipse.persistence.mappings.ManyToOneMapping[_usuario]
Descriptor: RelationalDescriptor(ucab.dsw.entidades.SolicitudEstudio --&gt; [DatabaseTable(solicitud_estudio)])

Exception [EclipseLink-48] (Eclipse Persistence Services - 2.6.4.v20160829-44060b6): org.eclipse.persistence.exceptions.DescriptorException
Exception Description: Multiple writable mappings exist for the field [presentacion.Id].  Only one may be defined as writable, all others must be specified read-only.
Mapping: org.eclipse.persistence.mappings.ManyToOneMapping[_producto]
Descriptor: RelationalDescriptor(ucab.dsw.entidades.Presentacion --&gt; [DatabaseTable(presentacion)])

Exception [EclipseLink-48] (Eclipse Persistence Services - 2.6.4.v20160829-44060b6): org.eclipse.persistence.exceptions.DescriptorException
Exception Description: Multiple writable mappings exist for the field [medio_comunicacion.Id].  Only one may be defined as writable, all others must be specified read-only.
Mapping: org.eclipse.persistence.mappings.ManyToOneMapping[_informacion]
Descriptor: RelationalDescriptor(ucab.dsw.entidades.MedioComunicacion --&gt; [DatabaseTable(medio_comunicacion)])

Exception [EclipseLink-48] (Eclipse Persistence Services - 2.6.4.v20160829-44060b6): org.eclipse.persistence.exceptions.DescriptorException
Exception Description: Multiple writable mappings exist for the field [medio_comunicacion.Id].  Only one may be defined as writable, all others must be specified read-only.
Mapping: org.eclipse.persistence.mappings.ManyToOneMapping[_solicitudEstudio]
Descriptor: RelationalDescriptor(ucab.dsw.entidades.MedioComunicacion --&gt; [DatabaseTable(medio_comunicacion)])

Exception [EclipseLink-48] (Eclipse Persistence Services - 2.6.4.v20160829-44060b6): org.eclipse.persistence.exceptions.DescriptorException
Exception Description: Multiple writable mappings exist for the field [tipo.Id].  Only one may be defined as writable, all others must be specified read-only.
Mapping: org.eclipse.persistence.mappings.ManyToOneMapping[_producto]
Descriptor: RelationalDescriptor(ucab.dsw.entidades.Tipo --&gt; [DatabaseTable(tipo)])

Exception [EclipseLink-48] (Eclipse Persistence Services - 2.6.4.v20160829-44060b6): org.eclipse.persistence.exceptions.DescriptorException
Exception Description: Multiple writable mappings exist for the field [informacion.Id].  Only one may be defined as writable, all others must be specified read-only.
Mapping: org.eclipse.persistence.mappings.ManyToOneMapping[_lugar]
Descriptor: RelationalDescriptor(ucab.dsw.entidades.Informacion --&gt; [DatabaseTable(informacion)])

Exception [EclipseLink-48] (Eclipse Persistence Services - 2.6.4.v20160829-44060b6): org.eclipse.persistence.exceptions.DescriptorException
Exception Description: Multiple writable mappings exist for the field [informacion.Id].  Only one may be defined as writable, all others must be specified read-only.
Mapping: org.eclipse.persistence.mappings.ManyToOneMapping[_nivelAcademico]
Descriptor: RelationalDescriptor(ucab.dsw.entidades.Informacion --&gt; [DatabaseTable(informacion)])

Exception [EclipseLink-48] (Eclipse Persistence Services - 2.6.4.v20160829-44060b6): org.eclipse.persistence.exceptions.DescriptorException
Exception Description: Multiple writable mappings exist for the field [informacion.Id].  Only one may be defined as writable, all others must be specified read-only.
Mapping: org.eclipse.persistence.mappings.ManyToOneMapping[_nivelEconomico]
Descriptor: RelationalDescriptor(ucab.dsw.entidades.Informacion --&gt; [DatabaseTable(informacion)])

Exception [EclipseLink-48] (Eclipse Persistence Services - 2.6.4.v20160829-44060b6): org.eclipse.persistence.exceptions.DescriptorException
Exception Description: Multiple writable mappings exist for the field [informacion.Id].  Only one may be defined as writable, all others must be specified read-only.
Mapping: org.eclipse.persistence.mappings.ManyToOneMapping[_ocupacion]
Descriptor: RelationalDescriptor(ucab.dsw.entidades.Informacion --&gt; [DatabaseTable(informacion)])

Exception [EclipseLink-48] (Eclipse Persistence Services - 2.6.4.v20160829-44060b6): org.eclipse.persistence.exceptions.DescriptorException
Exception Description: Multiple writable mappings exist for the field [pregunta_encuesta.Id].  Only one may be defined as writable, all others must be specified read-only.
Mapping: org.eclipse.persistence.mappings.ManyToOneMapping[_subcategoria]
Descriptor: RelationalDescriptor(ucab.dsw.entidades.PreguntaEncuesta --&gt; [DatabaseTable(pregunta_encuesta)])

Exception [EclipseLink-48] (Eclipse Persistence Services - 2.6.4.v20160829-44060b6): org.eclipse.persistence.exceptions.DescriptorException
Exception Description: Multiple writable mappings exist for the field [pregunta_encuesta.Id].  Only one may be defined as writable, all others must be specified read-only.
Mapping: org.eclipse.persistence.mappings.ManyToOneMapping[_usuario]
Descriptor: RelationalDescriptor(ucab.dsw.entidades.PreguntaEncuesta --&gt; [DatabaseTable(pregunta_encuesta)])

Exception [EclipseLink-48] (Eclipse Persistence Services - 2.6.4.v20160829-44060b6): org.eclipse.persistence.exceptions.DescriptorException
Exception Description: Multiple writable mappings exist for the field [estudio.Id].  Only one may be defined as writable, all others must be specified read-only.
Mapping: org.eclipse.persistence.mappings.ManyToOneMapping[_solicitudEstudio]
Descriptor: RelationalDescriptor(ucab.dsw.entidades.Estudio --&gt; [DatabaseTable(estudio)])

Exception [EclipseLink-48] (Eclipse Persistence Services - 2.6.4.v20160829-44060b6): org.eclipse.persistence.exceptions.DescriptorException
Exception Description: Multiple writable mappings exist for the field [estudio.Id].  Only one may be defined as writable, all others must be specified read-only.
Mapping: org.eclipse.persistence.mappings.ManyToOneMapping[_usuario]
Descriptor: RelationalDescriptor(ucab.dsw.entidades.Estudio --&gt; [DatabaseTable(estudio)])

Exception [EclipseLink-48] (Eclipse Persistence Services - 2.6.4.v20160829-44060b6): org.eclipse.persistence.exceptions.DescriptorException
Exception Description: Multiple writable mappings exist for the field [telefono.Id].  Only one may be defined as writable, all others must be specified read-only.
Mapping: org.eclipse.persistence.mappings.ManyToOneMapping[_informacion]
Descriptor: RelationalDescriptor(ucab.dsw.entidades.Telefono --&gt; [DatabaseTable(telefono)])

Exception [EclipseLink-48] (Eclipse Persistence Services - 2.6.4.v20160829-44060b6): org.eclipse.persistence.exceptions.DescriptorException
Exception Description: Multiple writable mappings exist for the field [subcategoria.Id].  Only one may be defined as writable, all others must be specified read-only.
Mapping: org.eclipse.persistence.mappings.ManyToOneMapping[_categoria]
Descriptor: RelationalDescriptor(ucab.dsw.entidades.Subcategoria --&gt; [DatabaseTable(subcategoria)])

Exception [EclipseLink-48] (Eclipse Persistence Services - 2.6.4.v20160829-44060b6): org.eclipse.persistence.exceptions.DescriptorException
Exception Description: Multiple writable mappings exist for the field [producto.Id].  Only one may be defined as writable, all others must be specified read-only.
Mapping: org.eclipse.persistence.mappings.ManyToOneMapping[_marca]
Descriptor: RelationalDescriptor(ucab.dsw.entidades.Producto --&gt; [DatabaseTable(producto)])

Exception [EclipseLink-48] (Eclipse Persistence Services - 2.6.4.v20160829-44060b6): org.eclipse.persistence.exceptions.DescriptorException
Exception Description: Multiple writable mappings exist for the field [producto.Id].  Only one may be defined as writable, all others must be specified read-only.
Mapping: org.eclipse.persistence.mappings.ManyToOneMapping[_subcategoria]
Descriptor: RelationalDescriptor(ucab.dsw.entidades.Producto --&gt; [DatabaseTable(producto)])

Exception [EclipseLink-48] (Eclipse Persistence Services - 2.6.4.v20160829-44060b6): org.eclipse.persistence.exceptions.DescriptorException
Exception Description: Multiple writable mappings exist for the field [producto.Id].  Only one may be defined as writable, all others must be specified read-only.
Mapping: org.eclipse.persistence.mappings.ManyToOneMapping[_usuario]
Descriptor: RelationalDescriptor(ucab.dsw.entidades.Producto --&gt; [DatabaseTable(producto)])

Exception [EclipseLink-48] (Eclipse Persistence Services - 2.6.4.v20160829-44060b6): org.eclipse.persistence.exceptions.DescriptorException
Exception Description: Multiple writable mappings exist for the field [usuario.Id].  Only one may be defined as writable, all others must be specified read-only.
Mapping: org.eclipse.persistence.mappings.ManyToOneMapping[_rol]
Descriptor: RelationalDescriptor(ucab.dsw.entidades.Usuario --&gt; [DatabaseTable(usuario)])

Exception [EclipseLink-48] (Eclipse Persistence Services - 2.6.4.v20160829-44060b6): org.eclipse.persistence.exceptions.DescriptorException
Exception Description: Multiple writable mappings exist for the field [usuario.Id].  Only one may be defined as writable, all others must be specified read-only.
Mapping: org.eclipse.persistence.mappings.OneToOneMapping[_informacion]
Descriptor: RelationalDescriptor(ucab.dsw.entidades.Usuario --&gt; [DatabaseTable(usuario)])

Runtime Exceptions: 
---------------------------------------------------------

[EL Config]: connection: 2020-12-02 12:42:38.302--ServerSession(1048027629)--Connection(1197251633)--Thread(Thread[main,5,main])--disconnect
[EL Info]: connection: 2020-12-02 12:42:38.303--ServerSession(1048027629)--Thread(Thread[main,5,main])--/file:/C:/Users/Emanuel/Documents/NetBeansProjects/DS-MercadeoUCAB-Version v1 (Emanuel)/mercadeoUcab-master/accesodatos/target/accesodatos-1.0-SNAPSHOT.jar_mercadeoUcabPU logout successful
[EL Config]: connection: 2020-12-02 12:42:38.303--ServerSession(1048027629)--Connection(1848125895)--Thread(Thread[main,5,main])--disconnect
[EL Severe]: ejb: 2020-12-02 12:42:38.318--ServerSession(1048027629)--Thread(Thread[main,5,main])--Exception [EclipseLink-0] (Eclipse Persistence Services - 2.6.4.v20160829-44060b6): org.eclipse.persistence.exceptions.IntegrityException
Descriptor Exceptions: 
---------------------------------------------------------

Exception [EclipseLink-48] (Eclipse Persistence Services - 2.6.4.v20160829-44060b6): org.eclipse.persistence.exceptions.DescriptorException
Exception Description: Multiple writable mappings exist for the field [hijo.Id].  Only one may be defined as writable, all others must be specified read-only.
Mapping: org.eclipse.persistence.mappings.ManyToOneMapping[_informacion]
Descriptor: RelationalDescriptor(ucab.dsw.entidades.Hijo --&gt; [DatabaseTable(hijo)])

Exception [EclipseLink-48] (Eclipse Persistence Services - 2.6.4.v20160829-44060b6): org.eclipse.persistence.exceptions.DescriptorException
Exception Description: Multiple writable mappings exist for the field [lugar.Id].  Only one may be defined as writable, all others must be specified read-only.
Mapping: org.eclipse.persistence.mappings.ManyToOneMapping[_lugar]
Descriptor: RelationalDescriptor(ucab.dsw.entidades.Lugar --&gt; [DatabaseTable(lugar)])

Exception [EclipseLink-48] (Eclipse Persistence Services - 2.6.4.v20160829-44060b6): org.eclipse.persistence.exceptions.DescriptorException
Exception Description: Multiple writable mappings exist for the field [preguntas_estudio.Id].  Only one may be defined as writable, all others must be specified read-only.
Mapping: org.eclipse.persistence.mappings.ManyToOneMapping[_estudio]
Descriptor: RelationalDescriptor(ucab.dsw.entidades.PreguntaEstudio --&gt; [DatabaseTable(preguntas_estudio)])

Exception [EclipseLink-48] (Eclipse Persistence Services - 2.6.4.v20160829-44060b6): org.eclipse.persistence.exceptions.DescriptorException
Exception Description: Multiple writable mappings exist for the field [preguntas_estudio.Id].  Only one may be defined as writable, all others must be specified read-only.
Mapping: org.eclipse.persistence.mappings.ManyToOneMapping[_preguntaEncuesta]
Descriptor: RelationalDescriptor(ucab.dsw.entidades.PreguntaEstudio --&gt; [DatabaseTable(preguntas_estudio)])

Exception [EclipseLink-48] (Eclipse Persistence Services - 2.6.4.v20160829-44060b6): org.eclipse.persistence.exceptions.DescriptorException
Exception Description: Multiple writable mappings exist for the field [historico_estado.Id].  Only one may be defined as writable, all others must be specified read-only.
Mapping: org.eclipse.persistence.mappings.ManyToOneMapping[_usuario]
Descriptor: RelationalDescriptor(ucab.dsw.entidades.HistoricoEstado --&gt; [DatabaseTable(historico_estado)])

Exception [EclipseLink-48] (Eclipse Persistence Services - 2.6.4.v20160829-44060b6): org.eclipse.persistence.exceptions.DescriptorException
Exception Description: Multiple writable mappings exist for the field [respuesta.Id].  Only one may be defined as writable, all others must be specified read-only.
Mapping: org.eclipse.persistence.mappings.ManyToOneMapping[_preguntaEstudio]
Descriptor: RelationalDescriptor(ucab.dsw.entidades.Respuesta --&gt; [DatabaseTable(respuesta)])

Exception [EclipseLink-48] (Eclipse Persistence Services - 2.6.4.v20160829-44060b6): org.eclipse.persistence.exceptions.DescriptorException
Exception Description: Multiple writable mappings exist for the field [respuesta.Id].  Only one may be defined as writable, all others must be specified read-only.
Mapping: org.eclipse.persistence.mappings.ManyToOneMapping[_usuario]
Descriptor: RelationalDescriptor(ucab.dsw.entidades.Respuesta --&gt; [DatabaseTable(respuesta)])

Exception [EclipseLink-48] (Eclipse Persistence Services - 2.6.4.v20160829-44060b6): org.eclipse.persistence.exceptions.DescriptorException
Exception Description: Multiple writable mappings exist for the field [respuesta_pregunta.Id].  Only one may be defined as writable, all others must be specified read-only.
Mapping: org.eclipse.persistence.mappings.ManyToOneMapping[_preguntaEncuesta]
Descriptor: RelationalDescriptor(ucab.dsw.entidades.RespuestaPregunta --&gt; [DatabaseTable(respuesta_pregunta)])

Exception [EclipseLink-48] (Eclipse Persistence Services - 2.6.4.v20160829-44060b6): org.eclipse.persistence.exceptions.DescriptorException
Exception Description: Multiple writable mappings exist for the field [solicitud_estudio.Id].  Only one may be defined as writable, all others must be specified read-only.
Mapping: org.eclipse.persistence.mappings.ManyToOneMapping[_nivelEconomico]
Descriptor: RelationalDescriptor(ucab.dsw.entidades.SolicitudEstudio --&gt; [DatabaseTable(solicitud_estudio)])

Exception [EclipseLink-48] (Eclipse Persistence Services - 2.6.4.v20160829-44060b6): org.eclipse.persistence.exceptions.DescriptorException
Exception Description: Multiple writable mappings exist for the field [solicitud_estudio.Id].  Only one may be defined as writable, all others must be specified read-only.
Mapping: org.eclipse.persistence.mappings.ManyToOneMapping[_producto]
Descriptor: RelationalDescriptor(ucab.dsw.entidades.SolicitudEstudio --&gt; [DatabaseTable(solicitud_estudio)])

Exception [EclipseLink-48] (Eclipse Persistence Services - 2.6.4.v20160829-44060b6): org.eclipse.persistence.exceptions.DescriptorException
Exception Description: Multiple writable mappings exist for the field [solicitud_estudio.Id].  Only one may be defined as writable, all others must be specified read-only.
Mapping: org.eclipse.persistence.mappings.ManyToOneMapping[_usuario]
Descriptor: RelationalDescriptor(ucab.dsw.entidades.SolicitudEstudio --&gt; [DatabaseTable(solicitud_estudio)])

Exception [EclipseLink-48] (Eclipse Persistence Services - 2.6.4.v20160829-44060b6): org.eclipse.persistence.exceptions.DescriptorException
Exception Description: Multiple writable mappings exist for the field [presentacion.Id].  Only one may be defined as writable, all others must be specified read-only.
Mapping: org.eclipse.persistence.mappings.ManyToOneMapping[_producto]
Descriptor: RelationalDescriptor(ucab.dsw.entidades.Presentacion --&gt; [DatabaseTable(presentacion)])

Exception [EclipseLink-48] (Eclipse Persistence Services - 2.6.4.v20160829-44060b6): org.eclipse.persistence.exceptions.DescriptorException
Exception Description: Multiple writable mappings exist for the field [medio_comunicacion.Id].  Only one may be defined as writable, all others must be specified read-only.
Mapping: org.eclipse.persistence.mappings.ManyToOneMapping[_informacion]
Descriptor: RelationalDescriptor(ucab.dsw.entidades.MedioComunicacion --&gt; [DatabaseTable(medio_comunicacion)])

Exception [EclipseLink-48] (Eclipse Persistence Services - 2.6.4.v20160829-44060b6): org.eclipse.persistence.exceptions.DescriptorException
Exception Description: Multiple writable mappings exist for the field [medio_comunicacion.Id].  Only one may be defined as writable, all others must be specified read-only.
Mapping: org.eclipse.persistence.mappings.ManyToOneMapping[_solicitudEstudio]
Descriptor: RelationalDescriptor(ucab.dsw.entidades.MedioComunicacion --&gt; [DatabaseTable(medio_comunicacion)])

Exception [EclipseLink-48] (Eclipse Persistence Services - 2.6.4.v20160829-44060b6): org.eclipse.persistence.exceptions.DescriptorException
Exception Description: Multiple writable mappings exist for the field [tipo.Id].  Only one may be defined as writable, all others must be specified read-only.
Mapping: org.eclipse.persistence.mappings.ManyToOneMapping[_producto]
Descriptor: RelationalDescriptor(ucab.dsw.entidades.Tipo --&gt; [DatabaseTable(tipo)])

Exception [EclipseLink-48] (Eclipse Persistence Services - 2.6.4.v20160829-44060b6): org.eclipse.persistence.exceptions.DescriptorException
Exception Description: Multiple writable mappings exist for the field [informacion.Id].  Only one may be defined as writable, all others must be specified read-only.
Mapping: org.eclipse.persistence.mappings.ManyToOneMapping[_lugar]
Descriptor: RelationalDescriptor(ucab.dsw.entidades.Informacion --&gt; [DatabaseTable(informacion)])

Exception [EclipseLink-48] (Eclipse Persistence Services - 2.6.4.v20160829-44060b6): org.eclipse.persistence.exceptions.DescriptorException
Exception Description: Multiple writable mappings exist for the field [informacion.Id].  Only one may be defined as writable, all others must be specified read-only.
Mapping: org.eclipse.persistence.mappings.ManyToOneMapping[_nivelAcademico]
Descriptor: RelationalDescriptor(ucab.dsw.entidades.Informacion --&gt; [DatabaseTable(informacion)])

Exception [EclipseLink-48] (Eclipse Persistence Services - 2.6.4.v20160829-44060b6): org.eclipse.persistence.exceptions.DescriptorException
Exception Description: Multiple writable mappings exist for the field [informacion.Id].  Only one may be defined as writable, all others must be specified read-only.
Mapping: org.eclipse.persistence.mappings.ManyToOneMapping[_nivelEconomico]
Descriptor: RelationalDescriptor(ucab.dsw.entidades.Informacion --&gt; [DatabaseTable(informacion)])

Exception [EclipseLink-48] (Eclipse Persistence Services - 2.6.4.v20160829-44060b6): org.eclipse.persistence.exceptions.DescriptorException
Exception Description: Multiple writable mappings exist for the field [informacion.Id].  Only one may be defined as writable, all others must be specified read-only.
Mapping: org.eclipse.persistence.mappings.ManyToOneMapping[_ocupacion]
Descriptor: RelationalDescriptor(ucab.dsw.entidades.Informacion --&gt; [DatabaseTable(informacion)])

Exception [EclipseLink-48] (Eclipse Persistence Services - 2.6.4.v20160829-44060b6): org.eclipse.persistence.exceptions.DescriptorException
Exception Description: Multiple writable mappings exist for the field [pregunta_encuesta.Id].  Only one may be defined as writable, all others must be specified read-only.
Mapping: org.eclipse.persistence.mappings.ManyToOneMapping[_subcategoria]
Descriptor: RelationalDescriptor(ucab.dsw.entidades.PreguntaEncuesta --&gt; [DatabaseTable(pregunta_encuesta)])

Exception [EclipseLink-48] (Eclipse Persistence Services - 2.6.4.v20160829-44060b6): org.eclipse.persistence.exceptions.DescriptorException
Exception Description: Multiple writable mappings exist for the field [pregunta_encuesta.Id].  Only one may be defined as writable, all others must be specified read-only.
Mapping: org.eclipse.persistence.mappings.ManyToOneMapping[_usuario]
Descriptor: RelationalDescriptor(ucab.dsw.entidades.PreguntaEncuesta --&gt; [DatabaseTable(pregunta_encuesta)])

Exception [EclipseLink-48] (Eclipse Persistence Services - 2.6.4.v20160829-44060b6): org.eclipse.persistence.exceptions.DescriptorException
Exception Description: Multiple writable mappings exist for the field [estudio.Id].  Only one may be defined as writable, all others must be specified read-only.
Mapping: org.eclipse.persistence.mappings.ManyToOneMapping[_solicitudEstudio]
Descriptor: RelationalDescriptor(ucab.dsw.entidades.Estudio --&gt; [DatabaseTable(estudio)])

Exception [EclipseLink-48] (Eclipse Persistence Services - 2.6.4.v20160829-44060b6): org.eclipse.persistence.exceptions.DescriptorException
Exception Description: Multiple writable mappings exist for the field [estudio.Id].  Only one may be defined as writable, all others must be specified read-only.
Mapping: org.eclipse.persistence.mappings.ManyToOneMapping[_usuario]
Descriptor: RelationalDescriptor(ucab.dsw.entidades.Estudio --&gt; [DatabaseTable(estudio)])

Exception [EclipseLink-48] (Eclipse Persistence Services - 2.6.4.v20160829-44060b6): org.eclipse.persistence.exceptions.DescriptorException
Exception Description: Multiple writable mappings exist for the field [telefono.Id].  Only one may be defined as writable, all others must be specified read-only.
Mapping: org.eclipse.persistence.mappings.ManyToOneMapping[_informacion]
Descriptor: RelationalDescriptor(ucab.dsw.entidades.Telefono --&gt; [DatabaseTable(telefono)])

Exception [EclipseLink-48] (Eclipse Persistence Services - 2.6.4.v20160829-44060b6): org.eclipse.persistence.exceptions.DescriptorException
Exception Description: Multiple writable mappings exist for the field [subcategoria.Id].  Only one may be defined as writable, all others must be specified read-only.
Mapping: org.eclipse.persistence.mappings.ManyToOneMapping[_categoria]
Descriptor: RelationalDescriptor(ucab.dsw.entidades.Subcategoria --&gt; [DatabaseTable(subcategoria)])

Exception [EclipseLink-48] (Eclipse Persistence Services - 2.6.4.v20160829-44060b6): org.eclipse.persistence.exceptions.DescriptorException
Exception Description: Multiple writable mappings exist for the field [producto.Id].  Only one may be defined as writable, all others must be specified read-only.
Mapping: org.eclipse.persistence.mappings.ManyToOneMapping[_marca]
Descriptor: RelationalDescriptor(ucab.dsw.entidades.Producto --&gt; [DatabaseTable(producto)])

Exception [EclipseLink-48] (Eclipse Persistence Services - 2.6.4.v20160829-44060b6): org.eclipse.persistence.exceptions.DescriptorException
Exception Description: Multiple writable mappings exist for the field [producto.Id].  Only one may be defined as writable, all others must be specified read-only.
Mapping: org.eclipse.persistence.mappings.ManyToOneMapping[_subcategoria]
Descriptor: RelationalDescriptor(ucab.dsw.entidades.Producto --&gt; [DatabaseTable(producto)])

Exception [EclipseLink-48] (Eclipse Persistence Services - 2.6.4.v20160829-44060b6): org.eclipse.persistence.exceptions.DescriptorException
Exception Description: Multiple writable mappings exist for the field [producto.Id].  Only one may be defined as writable, all others must be specified read-only.
Mapping: org.eclipse.persistence.mappings.ManyToOneMapping[_usuario]
Descriptor: RelationalDescriptor(ucab.dsw.entidades.Producto --&gt; [DatabaseTable(producto)])

Exception [EclipseLink-48] (Eclipse Persistence Services - 2.6.4.v20160829-44060b6): org.eclipse.persistence.exceptions.DescriptorException
Exception Description: Multiple writable mappings exist for the field [usuario.Id].  Only one may be defined as writable, all others must be specified read-only.
Mapping: org.eclipse.persistence.mappings.ManyToOneMapping[_rol]
Descriptor: RelationalDescriptor(ucab.dsw.entidades.Usuario --&gt; [DatabaseTable(usuario)])

Exception [EclipseLink-48] (Eclipse Persistence Services - 2.6.4.v20160829-44060b6): org.eclipse.persistence.exceptions.DescriptorException
Exception Description: Multiple writable mappings exist for the field [usuario.Id].  Only one may be defined as writable, all others must be specified read-only.
Mapping: org.eclipse.persistence.mappings.OneToOneMapping[_informacion]
Descriptor: RelationalDescriptor(ucab.dsw.entidades.Usuario --&gt; [DatabaseTable(usuario)])

Runtime Exceptions: 
---------------------------------------------------------

</system-out>
  </testcase>
</testsuite>